[2025-10-07T00:00:06.488+0000] {local_task_job_runner.py:120} INFO - ::group::Pre task execution logs
[2025-10-07T00:00:06.496+0000] {taskinstance.py:2076} INFO - Dependencies all met for dep_context=non-requeueable deps ti=<TaskInstance: hw1.split_and_preprocess scheduled__2025-10-06T00:00:00+00:00 [queued]>
[2025-10-07T00:00:06.500+0000] {taskinstance.py:2076} INFO - Dependencies all met for dep_context=requeueable deps ti=<TaskInstance: hw1.split_and_preprocess scheduled__2025-10-06T00:00:00+00:00 [queued]>
[2025-10-07T00:00:06.500+0000] {taskinstance.py:2306} INFO - Starting attempt 1 of 2
[2025-10-07T00:00:06.504+0000] {taskinstance.py:2330} INFO - Executing <Task(PythonOperator): split_and_preprocess> on 2025-10-06 00:00:00+00:00
[2025-10-07T00:00:06.511+0000] {standard_task_runner.py:64} INFO - Started process 14874 to run task
[2025-10-07T00:00:06.513+0000] {standard_task_runner.py:90} INFO - Running: ['***', 'tasks', 'run', 'hw1', 'split_and_preprocess', 'scheduled__2025-10-06T00:00:00+00:00', '--job-id', '292', '--raw', '--subdir', 'DAGS_FOLDER/.ipynb_checkpoints/kudryakov_hw1-checkpoint.py', '--cfg-path', '/tmp/tmpsims7jcf']
[2025-10-07T00:00:06.514+0000] {standard_task_runner.py:91} INFO - Job 292: Subtask split_and_preprocess
[2025-10-07T00:00:06.536+0000] {task_command.py:426} INFO - Running <TaskInstance: hw1.split_and_preprocess scheduled__2025-10-06T00:00:00+00:00 [running]> on host 2b301b74205f
[2025-10-07T00:00:06.571+0000] {taskinstance.py:2648} INFO - Exporting env vars: AIRFLOW_CTX_DAG_OWNER='VLADISLAV KUDRYAKOV' AIRFLOW_CTX_DAG_ID='hw1' AIRFLOW_CTX_TASK_ID='split_and_preprocess' AIRFLOW_CTX_EXECUTION_DATE='2025-10-06T00:00:00+00:00' AIRFLOW_CTX_TRY_NUMBER='1' AIRFLOW_CTX_DAG_RUN_ID='scheduled__2025-10-06T00:00:00+00:00'
[2025-10-07T00:00:06.572+0000] {taskinstance.py:430} INFO - ::endgroup::
[2025-10-07T00:00:06.599+0000] {kudryakov_hw1-checkpoint.py:101} INFO - Разделить и предобработать данные
[2025-10-07T00:00:06.599+0000] {kudryakov_hw1-checkpoint.py:102} INFO - split_and_preprocess
[2025-10-07T00:00:06.611+0000] {base.py:84} INFO - Using connection ID 's3_connection' for task execution.
[2025-10-07T00:00:06.612+0000] {connection_wrapper.py:388} INFO - AWS Connection (conn_id='s3_connection', conn_type='aws') credentials retrieved from login and password.
[2025-10-07T00:00:12.960+0000] {kudryakov_hw1-checkpoint.py:157} INFO - Xtrain, ytrain, XText, ytext успешно загружены
[2025-10-07T00:00:12.978+0000] {python.py:237} INFO - Done. Returned value was: None
[2025-10-07T00:00:12.979+0000] {taskinstance.py:441} INFO - ::group::Post task execution logs
[2025-10-07T00:00:12.987+0000] {taskinstance.py:1206} INFO - Marking task as SUCCESS. dag_id=hw1, task_id=split_and_preprocess, run_id=scheduled__2025-10-06T00:00:00+00:00, execution_date=20251006T000000, start_date=20251007T000006, end_date=20251007T000012
[2025-10-07T00:00:13.013+0000] {local_task_job_runner.py:243} INFO - Task exited with return code 0
[2025-10-07T00:00:13.043+0000] {taskinstance.py:3503} INFO - 1 downstream tasks scheduled from follow-on schedule check
[2025-10-07T00:00:13.044+0000] {local_task_job_runner.py:222} INFO - ::endgroup::
