[2025-10-08T00:09:49.708+0000] {local_task_job_runner.py:120} INFO - ::group::Pre task execution logs
[2025-10-08T00:09:49.715+0000] {taskinstance.py:2076} INFO - Dependencies all met for dep_context=non-requeueable deps ti=<TaskInstance: hw1.collect_data scheduled__2025-10-07T00:00:00+00:00 [queued]>
[2025-10-08T00:09:49.718+0000] {taskinstance.py:2076} INFO - Dependencies all met for dep_context=requeueable deps ti=<TaskInstance: hw1.collect_data scheduled__2025-10-07T00:00:00+00:00 [queued]>
[2025-10-08T00:09:49.718+0000] {taskinstance.py:2306} INFO - Starting attempt 1 of 2
[2025-10-08T00:09:49.723+0000] {taskinstance.py:2330} INFO - Executing <Task(PythonOperator): collect_data> on 2025-10-07 00:00:00+00:00
[2025-10-08T00:09:49.726+0000] {standard_task_runner.py:64} INFO - Started process 28957 to run task
[2025-10-08T00:09:49.727+0000] {standard_task_runner.py:90} INFO - Running: ['***', 'tasks', 'run', 'hw1', 'collect_data', 'scheduled__2025-10-07T00:00:00+00:00', '--job-id', '297', '--raw', '--subdir', 'DAGS_FOLDER/.ipynb_checkpoints/kudryakov_hw1-checkpoint.py', '--cfg-path', '/tmp/tmpww3qm5s7']
[2025-10-08T00:09:49.728+0000] {standard_task_runner.py:91} INFO - Job 297: Subtask collect_data
[2025-10-08T00:09:49.745+0000] {task_command.py:426} INFO - Running <TaskInstance: hw1.collect_data scheduled__2025-10-07T00:00:00+00:00 [running]> on host 2b301b74205f
[2025-10-08T00:09:49.774+0000] {taskinstance.py:2648} INFO - Exporting env vars: AIRFLOW_CTX_DAG_OWNER='VLADISLAV KUDRYAKOV' AIRFLOW_CTX_DAG_ID='hw1' AIRFLOW_CTX_TASK_ID='collect_data' AIRFLOW_CTX_EXECUTION_DATE='2025-10-07T00:00:00+00:00' AIRFLOW_CTX_TRY_NUMBER='1' AIRFLOW_CTX_DAG_RUN_ID='scheduled__2025-10-07T00:00:00+00:00'
[2025-10-08T00:09:49.774+0000] {taskinstance.py:430} INFO - ::endgroup::
[2025-10-08T00:09:49.782+0000] {kudryakov_hw1-checkpoint.py:78} INFO - Началась загрузка данных
[2025-10-08T00:09:49.823+0000] {kudryakov_hw1-checkpoint.py:85} INFO - Данные получили
[2025-10-08T00:09:49.831+0000] {base.py:84} INFO - Using connection ID 's3_connection' for task execution.
[2025-10-08T00:09:49.832+0000] {connection_wrapper.py:388} INFO - AWS Connection (conn_id='s3_connection', conn_type='aws') credentials retrieved from login and password.
[2025-10-08T00:09:51.299+0000] {kudryakov_hw1-checkpoint.py:94} INFO - Данные успешно загружены
[2025-10-08T00:09:51.300+0000] {python.py:237} INFO - Done. Returned value was: None
[2025-10-08T00:09:51.301+0000] {taskinstance.py:441} INFO - ::group::Post task execution logs
[2025-10-08T00:09:51.306+0000] {taskinstance.py:1206} INFO - Marking task as SUCCESS. dag_id=hw1, task_id=collect_data, run_id=scheduled__2025-10-07T00:00:00+00:00, execution_date=20251007T000000, start_date=20251008T000949, end_date=20251008T000951
[2025-10-08T00:09:51.339+0000] {local_task_job_runner.py:243} INFO - Task exited with return code 0
[2025-10-08T00:09:51.355+0000] {taskinstance.py:3503} INFO - 1 downstream tasks scheduled from follow-on schedule check
[2025-10-08T00:09:51.358+0000] {local_task_job_runner.py:222} INFO - ::endgroup::
