[2025-09-25T19:48:59.973+0000] {local_task_job_runner.py:120} INFO - ::group::Pre task execution logs
[2025-09-25T19:48:59.980+0000] {taskinstance.py:2076} INFO - Dependencies all met for dep_context=non-requeueable deps ti=<TaskInstance: hw1.collect_data manual__2025-09-25T19:48:58.053624+00:00 [queued]>
[2025-09-25T19:48:59.985+0000] {taskinstance.py:2076} INFO - Dependencies all met for dep_context=requeueable deps ti=<TaskInstance: hw1.collect_data manual__2025-09-25T19:48:58.053624+00:00 [queued]>
[2025-09-25T19:48:59.985+0000] {taskinstance.py:2306} INFO - Starting attempt 1 of 2
[2025-09-25T19:48:59.990+0000] {taskinstance.py:2330} INFO - Executing <Task(PythonOperator): collect_data> on 2025-09-25 19:48:58.053624+00:00
[2025-09-25T19:48:59.994+0000] {standard_task_runner.py:64} INFO - Started process 66652 to run task
[2025-09-25T19:48:59.996+0000] {standard_task_runner.py:90} INFO - Running: ['***', 'tasks', 'run', 'hw1', 'collect_data', 'manual__2025-09-25T19:48:58.053624+00:00', '--job-id', '135', '--raw', '--subdir', 'DAGS_FOLDER/kudryakov_hw1.py', '--cfg-path', '/tmp/tmp5_1hzudk']
[2025-09-25T19:48:59.998+0000] {standard_task_runner.py:91} INFO - Job 135: Subtask collect_data
[2025-09-25T19:49:00.023+0000] {task_command.py:426} INFO - Running <TaskInstance: hw1.collect_data manual__2025-09-25T19:48:58.053624+00:00 [running]> on host 2b301b74205f
[2025-09-25T19:49:00.061+0000] {taskinstance.py:2648} INFO - Exporting env vars: AIRFLOW_CTX_DAG_OWNER='VLADISLAV KUDRYAKOV' AIRFLOW_CTX_DAG_ID='hw1' AIRFLOW_CTX_TASK_ID='collect_data' AIRFLOW_CTX_EXECUTION_DATE='2025-09-25T19:48:58.053624+00:00' AIRFLOW_CTX_TRY_NUMBER='1' AIRFLOW_CTX_DAG_RUN_ID='manual__2025-09-25T19:48:58.053624+00:00'
[2025-09-25T19:49:00.062+0000] {taskinstance.py:430} INFO - ::endgroup::
[2025-09-25T19:49:00.072+0000] {kudryakov_hw1.py:78} INFO - Началась загрузка данных
[2025-09-25T19:49:00.102+0000] {kudryakov_hw1.py:85} INFO - Данные получили
[2025-09-25T19:49:00.110+0000] {base.py:84} INFO - Using connection ID 's3_connection' for task execution.
[2025-09-25T19:49:00.111+0000] {connection_wrapper.py:388} INFO - AWS Connection (conn_id='s3_connection', conn_type='aws') credentials retrieved from login and password.
[2025-09-25T19:49:01.548+0000] {kudryakov_hw1.py:94} INFO - Данные успешно загружены
[2025-09-25T19:49:01.551+0000] {python.py:237} INFO - Done. Returned value was: None
[2025-09-25T19:49:01.552+0000] {taskinstance.py:441} INFO - ::group::Post task execution logs
[2025-09-25T19:49:01.558+0000] {taskinstance.py:1206} INFO - Marking task as SUCCESS. dag_id=hw1, task_id=collect_data, run_id=manual__2025-09-25T19:48:58.053624+00:00, execution_date=20250925T194858, start_date=20250925T194859, end_date=20250925T194901
[2025-09-25T19:49:01.607+0000] {local_task_job_runner.py:243} INFO - Task exited with return code 0
[2025-09-25T19:49:01.630+0000] {taskinstance.py:3503} INFO - 1 downstream tasks scheduled from follow-on schedule check
[2025-09-25T19:49:01.631+0000] {local_task_job_runner.py:222} INFO - ::endgroup::
