[2025-09-25T20:41:23.401+0000] {local_task_job_runner.py:120} INFO - ::group::Pre task execution logs
[2025-09-25T20:41:23.410+0000] {taskinstance.py:2076} INFO - Dependencies all met for dep_context=non-requeueable deps ti=<TaskInstance: hw1.collect_metrics_pipeline manual__2025-09-25T20:35:59.147611+00:00 [queued]>
[2025-09-25T20:41:23.415+0000] {taskinstance.py:2076} INFO - Dependencies all met for dep_context=requeueable deps ti=<TaskInstance: hw1.collect_metrics_pipeline manual__2025-09-25T20:35:59.147611+00:00 [queued]>
[2025-09-25T20:41:23.416+0000] {taskinstance.py:2306} INFO - Starting attempt 2 of 2
[2025-09-25T20:41:23.422+0000] {taskinstance.py:2330} INFO - Executing <Task(PythonOperator): collect_metrics_pipeline> on 2025-09-25 20:35:59.147611+00:00
[2025-09-25T20:41:23.426+0000] {standard_task_runner.py:64} INFO - Started process 74347 to run task
[2025-09-25T20:41:23.428+0000] {standard_task_runner.py:90} INFO - Running: ['***', 'tasks', 'run', 'hw1', 'collect_metrics_pipeline', 'manual__2025-09-25T20:35:59.147611+00:00', '--job-id', '190', '--raw', '--subdir', 'DAGS_FOLDER/kudryakov_hw1.py', '--cfg-path', '/tmp/tmprh_fegg5']
[2025-09-25T20:41:23.429+0000] {standard_task_runner.py:91} INFO - Job 190: Subtask collect_metrics_pipeline
[2025-09-25T20:41:23.449+0000] {task_command.py:426} INFO - Running <TaskInstance: hw1.collect_metrics_pipeline manual__2025-09-25T20:35:59.147611+00:00 [running]> on host 2b301b74205f
[2025-09-25T20:41:23.485+0000] {taskinstance.py:2648} INFO - Exporting env vars: AIRFLOW_CTX_DAG_OWNER='VLADISLAV KUDRYAKOV' AIRFLOW_CTX_DAG_ID='hw1' AIRFLOW_CTX_TASK_ID='collect_metrics_pipeline' AIRFLOW_CTX_EXECUTION_DATE='2025-09-25T20:35:59.147611+00:00' AIRFLOW_CTX_TRY_NUMBER='2' AIRFLOW_CTX_DAG_RUN_ID='manual__2025-09-25T20:35:59.147611+00:00'
[2025-09-25T20:41:23.488+0000] {taskinstance.py:430} INFO - ::endgroup::
[2025-09-25T20:41:23.506+0000] {taskinstance.py:441} INFO - ::group::Post task execution logs
[2025-09-25T20:41:23.506+0000] {taskinstance.py:2905} ERROR - Task failed with exception
Traceback (most recent call last):
  File "/home/airflow/.local/lib/python3.10/site-packages/airflow/models/taskinstance.py", line 465, in _execute_task
    result = _execute_callable(context=context, **execute_callable_kwargs)
  File "/home/airflow/.local/lib/python3.10/site-packages/airflow/models/taskinstance.py", line 432, in _execute_callable
    return execute_callable(context=context, **execute_callable_kwargs)
  File "/home/airflow/.local/lib/python3.10/site-packages/airflow/models/baseoperator.py", line 401, in wrapper
    return func(self, *args, **kwargs)
  File "/home/airflow/.local/lib/python3.10/site-packages/airflow/operators/python.py", line 235, in execute
    return_value = self.execute_callable()
  File "/home/airflow/.local/lib/python3.10/site-packages/airflow/operators/python.py", line 252, in execute_callable
    return self.python_callable(*self.op_args, **self.op_kwargs)
  File "/opt/airflow/dags/kudryakov_hw1.py", line 242, in collect_metrics_pipeline
    train_duration = (train_end_dt - train_start_dt).total_seconds()
TypeError: unsupported operand type(s) for -: 'str' and 'str'
[2025-09-25T20:41:23.509+0000] {taskinstance.py:1206} INFO - Marking task as FAILED. dag_id=hw1, task_id=collect_metrics_pipeline, run_id=manual__2025-09-25T20:35:59.147611+00:00, execution_date=20250925T203559, start_date=20250925T204123, end_date=20250925T204123
[2025-09-25T20:41:23.513+0000] {standard_task_runner.py:110} ERROR - Failed to execute job 190 for task collect_metrics_pipeline (unsupported operand type(s) for -: 'str' and 'str'; 74347)
[2025-09-25T20:41:23.524+0000] {local_task_job_runner.py:243} INFO - Task exited with return code 1
[2025-09-25T20:41:23.530+0000] {taskinstance.py:3503} INFO - 0 downstream tasks scheduled from follow-on schedule check
[2025-09-25T20:41:23.531+0000] {local_task_job_runner.py:222} INFO - ::endgroup::
