[2025-09-25T20:21:19.407+0000] {local_task_job_runner.py:120} INFO - ::group::Pre task execution logs
[2025-09-25T20:21:19.413+0000] {taskinstance.py:2076} INFO - Dependencies all met for dep_context=non-requeueable deps ti=<TaskInstance: hw1.split_and_preprocess manual__2025-09-25T20:21:14.086804+00:00 [queued]>
[2025-09-25T20:21:19.416+0000] {taskinstance.py:2076} INFO - Dependencies all met for dep_context=requeueable deps ti=<TaskInstance: hw1.split_and_preprocess manual__2025-09-25T20:21:14.086804+00:00 [queued]>
[2025-09-25T20:21:19.416+0000] {taskinstance.py:2306} INFO - Starting attempt 1 of 2
[2025-09-25T20:21:19.421+0000] {taskinstance.py:2330} INFO - Executing <Task(PythonOperator): split_and_preprocess> on 2025-09-25 20:21:14.086804+00:00
[2025-09-25T20:21:19.424+0000] {standard_task_runner.py:64} INFO - Started process 71049 to run task
[2025-09-25T20:21:19.426+0000] {standard_task_runner.py:90} INFO - Running: ['***', 'tasks', 'run', 'hw1', 'split_and_preprocess', 'manual__2025-09-25T20:21:14.086804+00:00', '--job-id', '167', '--raw', '--subdir', 'DAGS_FOLDER/kudryakov_hw1.py', '--cfg-path', '/tmp/tmpb3wc6_2u']
[2025-09-25T20:21:19.427+0000] {standard_task_runner.py:91} INFO - Job 167: Subtask split_and_preprocess
[2025-09-25T20:21:19.446+0000] {task_command.py:426} INFO - Running <TaskInstance: hw1.split_and_preprocess manual__2025-09-25T20:21:14.086804+00:00 [running]> on host 2b301b74205f
[2025-09-25T20:21:19.479+0000] {taskinstance.py:2648} INFO - Exporting env vars: AIRFLOW_CTX_DAG_OWNER='VLADISLAV KUDRYAKOV' AIRFLOW_CTX_DAG_ID='hw1' AIRFLOW_CTX_TASK_ID='split_and_preprocess' AIRFLOW_CTX_EXECUTION_DATE='2025-09-25T20:21:14.086804+00:00' AIRFLOW_CTX_TRY_NUMBER='1' AIRFLOW_CTX_DAG_RUN_ID='manual__2025-09-25T20:21:14.086804+00:00'
[2025-09-25T20:21:19.480+0000] {taskinstance.py:430} INFO - ::endgroup::
[2025-09-25T20:21:19.494+0000] {kudryakov_hw1.py:101} INFO - Разделить и предобработать данные
[2025-09-25T20:21:19.494+0000] {kudryakov_hw1.py:102} INFO - split_and_preprocess
[2025-09-25T20:21:19.498+0000] {base.py:84} INFO - Using connection ID 's3_connection' for task execution.
[2025-09-25T20:21:19.499+0000] {connection_wrapper.py:388} INFO - AWS Connection (conn_id='s3_connection', conn_type='aws') credentials retrieved from login and password.
[2025-09-25T20:21:24.279+0000] {kudryakov_hw1.py:154} INFO - Xtrain, ytrain, XText, ytext успешно загружены
[2025-09-25T20:21:24.282+0000] {python.py:237} INFO - Done. Returned value was: None
[2025-09-25T20:21:24.283+0000] {taskinstance.py:441} INFO - ::group::Post task execution logs
[2025-09-25T20:21:24.293+0000] {taskinstance.py:1206} INFO - Marking task as SUCCESS. dag_id=hw1, task_id=split_and_preprocess, run_id=manual__2025-09-25T20:21:14.086804+00:00, execution_date=20250925T202114, start_date=20250925T202119, end_date=20250925T202124
[2025-09-25T20:21:24.346+0000] {local_task_job_runner.py:243} INFO - Task exited with return code 0
[2025-09-25T20:21:24.366+0000] {taskinstance.py:3503} INFO - 1 downstream tasks scheduled from follow-on schedule check
[2025-09-25T20:21:24.367+0000] {local_task_job_runner.py:222} INFO - ::endgroup::
