[2025-09-25T16:26:04.584+0000] {local_task_job_runner.py:120} INFO - ::group::Pre task execution logs
[2025-09-25T16:26:04.591+0000] {taskinstance.py:2076} INFO - Dependencies all met for dep_context=non-requeueable deps ti=<TaskInstance: hw1.split_and_preprocess manual__2025-09-25T16:26:00.503689+00:00 [queued]>
[2025-09-25T16:26:04.594+0000] {taskinstance.py:2076} INFO - Dependencies all met for dep_context=requeueable deps ti=<TaskInstance: hw1.split_and_preprocess manual__2025-09-25T16:26:00.503689+00:00 [queued]>
[2025-09-25T16:26:04.594+0000] {taskinstance.py:2306} INFO - Starting attempt 1 of 2
[2025-09-25T16:26:04.599+0000] {taskinstance.py:2330} INFO - Executing <Task(PythonOperator): split_and_preprocess> on 2025-09-25 16:26:00.503689+00:00
[2025-09-25T16:26:04.603+0000] {standard_task_runner.py:64} INFO - Started process 38788 to run task
[2025-09-25T16:26:04.604+0000] {standard_task_runner.py:90} INFO - Running: ['***', 'tasks', 'run', 'hw1', 'split_and_preprocess', 'manual__2025-09-25T16:26:00.503689+00:00', '--job-id', '39', '--raw', '--subdir', 'DAGS_FOLDER/kudryakov_hw1.py', '--cfg-path', '/tmp/tmpu51369fb']
[2025-09-25T16:26:04.605+0000] {standard_task_runner.py:91} INFO - Job 39: Subtask split_and_preprocess
[2025-09-25T16:26:04.625+0000] {task_command.py:426} INFO - Running <TaskInstance: hw1.split_and_preprocess manual__2025-09-25T16:26:00.503689+00:00 [running]> on host 2b301b74205f
[2025-09-25T16:26:04.663+0000] {taskinstance.py:2648} INFO - Exporting env vars: AIRFLOW_CTX_DAG_OWNER='VLADISLAV KUDRYAKOV' AIRFLOW_CTX_DAG_ID='hw1' AIRFLOW_CTX_TASK_ID='split_and_preprocess' AIRFLOW_CTX_EXECUTION_DATE='2025-09-25T16:26:00.503689+00:00' AIRFLOW_CTX_TRY_NUMBER='1' AIRFLOW_CTX_DAG_RUN_ID='manual__2025-09-25T16:26:00.503689+00:00'
[2025-09-25T16:26:04.664+0000] {taskinstance.py:430} INFO - ::endgroup::
[2025-09-25T16:26:04.671+0000] {kudryakov_hw1.py:92} INFO - Разделить и предобработать данные
[2025-09-25T16:26:04.671+0000] {kudryakov_hw1.py:93} INFO - split_and_preprocess
[2025-09-25T16:26:04.671+0000] {s3.py:1422} INFO - Downloading source S3 file from Bucket mlops-webinar-web with path 2025/datasets/titanic.pkl
[2025-09-25T16:26:04.688+0000] {base.py:84} INFO - Using connection ID 's3_connection' for task execution.
[2025-09-25T16:26:04.689+0000] {connection_wrapper.py:388} INFO - AWS Connection (conn_id='s3_connection', conn_type='aws') credentials retrieved from login and password.
[2025-09-25T16:26:05.976+0000] {python.py:237} INFO - Done. Returned value was: None
[2025-09-25T16:26:05.977+0000] {taskinstance.py:441} INFO - ::group::Post task execution logs
[2025-09-25T16:26:05.986+0000] {taskinstance.py:1206} INFO - Marking task as SUCCESS. dag_id=hw1, task_id=split_and_preprocess, run_id=manual__2025-09-25T16:26:00.503689+00:00, execution_date=20250925T162600, start_date=20250925T162604, end_date=20250925T162605
[2025-09-25T16:26:06.021+0000] {local_task_job_runner.py:243} INFO - Task exited with return code 0
[2025-09-25T16:26:06.033+0000] {taskinstance.py:3503} INFO - 0 downstream tasks scheduled from follow-on schedule check
[2025-09-25T16:26:06.033+0000] {local_task_job_runner.py:222} INFO - ::endgroup::
