[2025-09-25T18:43:31.755+0000] {local_task_job_runner.py:120} INFO - ::group::Pre task execution logs
[2025-09-25T18:43:31.762+0000] {taskinstance.py:2076} INFO - Dependencies all met for dep_context=non-requeueable deps ti=<TaskInstance: hw1.train_model manual__2025-09-25T18:43:19.990606+00:00 [queued]>
[2025-09-25T18:43:31.765+0000] {taskinstance.py:2076} INFO - Dependencies all met for dep_context=requeueable deps ti=<TaskInstance: hw1.train_model manual__2025-09-25T18:43:19.990606+00:00 [queued]>
[2025-09-25T18:43:31.765+0000] {taskinstance.py:2306} INFO - Starting attempt 1 of 2
[2025-09-25T18:43:31.770+0000] {taskinstance.py:2330} INFO - Executing <Task(PythonOperator): train_model> on 2025-09-25 18:43:19.990606+00:00
[2025-09-25T18:43:31.774+0000] {standard_task_runner.py:64} INFO - Started process 56517 to run task
[2025-09-25T18:43:31.777+0000] {standard_task_runner.py:90} INFO - Running: ['***', 'tasks', 'run', 'hw1', 'train_model', 'manual__2025-09-25T18:43:19.990606+00:00', '--job-id', '85', '--raw', '--subdir', 'DAGS_FOLDER/.ipynb_checkpoints/kudryakov_hw1-checkpoint.py', '--cfg-path', '/tmp/tmp3ss24cw1']
[2025-09-25T18:43:31.778+0000] {standard_task_runner.py:91} INFO - Job 85: Subtask train_model
[2025-09-25T18:43:31.804+0000] {task_command.py:426} INFO - Running <TaskInstance: hw1.train_model manual__2025-09-25T18:43:19.990606+00:00 [running]> on host 2b301b74205f
[2025-09-25T18:43:31.945+0000] {taskinstance.py:2648} INFO - Exporting env vars: AIRFLOW_CTX_DAG_OWNER='VLADISLAV KUDRYAKOV' AIRFLOW_CTX_DAG_ID='hw1' AIRFLOW_CTX_TASK_ID='train_model' AIRFLOW_CTX_EXECUTION_DATE='2025-09-25T18:43:19.990606+00:00' AIRFLOW_CTX_TRY_NUMBER='1' AIRFLOW_CTX_DAG_RUN_ID='manual__2025-09-25T18:43:19.990606+00:00'
[2025-09-25T18:43:31.946+0000] {taskinstance.py:430} INFO - ::endgroup::
[2025-09-25T18:43:31.953+0000] {kudryakov_hw1-checkpoint.py:159} INFO - Начали обучение модели start-ts 2025-09-25T18:43:31.953200
[2025-09-25T18:43:31.957+0000] {base.py:84} INFO - Using connection ID 's3_connection' for task execution.
[2025-09-25T18:43:31.957+0000] {connection_wrapper.py:388} INFO - AWS Connection (conn_id='s3_connection', conn_type='aws') credentials retrieved from login and password.
[2025-09-25T18:43:36.597+0000] {kudryakov_hw1-checkpoint.py:174} INFO - Закончили обучение модели end-ts 2025-09-25T18:43:36.597644
[2025-09-25T18:43:37.120+0000] {kudryakov_hw1-checkpoint.py:188} INFO - Успешно загрузили модель
[2025-09-25T18:43:37.122+0000] {python.py:237} INFO - Done. Returned value was: None
[2025-09-25T18:43:37.123+0000] {taskinstance.py:441} INFO - ::group::Post task execution logs
[2025-09-25T18:43:37.131+0000] {taskinstance.py:1206} INFO - Marking task as SUCCESS. dag_id=hw1, task_id=train_model, run_id=manual__2025-09-25T18:43:19.990606+00:00, execution_date=20250925T184319, start_date=20250925T184331, end_date=20250925T184337
[2025-09-25T18:43:37.192+0000] {local_task_job_runner.py:243} INFO - Task exited with return code 0
[2025-09-25T18:43:37.208+0000] {taskinstance.py:3503} INFO - 1 downstream tasks scheduled from follow-on schedule check
[2025-09-25T18:43:37.210+0000] {local_task_job_runner.py:222} INFO - ::endgroup::
