[2025-09-25T19:54:29.534+0000] {local_task_job_runner.py:120} INFO - ::group::Pre task execution logs
[2025-09-25T19:54:29.539+0000] {taskinstance.py:2076} INFO - Dependencies all met for dep_context=non-requeueable deps ti=<TaskInstance: hw1.collect_metrics_model manual__2025-09-25T19:48:58.053624+00:00 [queued]>
[2025-09-25T19:54:29.543+0000] {taskinstance.py:2076} INFO - Dependencies all met for dep_context=requeueable deps ti=<TaskInstance: hw1.collect_metrics_model manual__2025-09-25T19:48:58.053624+00:00 [queued]>
[2025-09-25T19:54:29.543+0000] {taskinstance.py:2306} INFO - Starting attempt 2 of 2
[2025-09-25T19:54:29.547+0000] {taskinstance.py:2330} INFO - Executing <Task(PythonOperator): collect_metrics_model> on 2025-09-25 19:48:58.053624+00:00
[2025-09-25T19:54:29.550+0000] {standard_task_runner.py:64} INFO - Started process 67633 to run task
[2025-09-25T19:54:29.552+0000] {standard_task_runner.py:90} INFO - Running: ['***', 'tasks', 'run', 'hw1', 'collect_metrics_model', 'manual__2025-09-25T19:48:58.053624+00:00', '--job-id', '145', '--raw', '--subdir', 'DAGS_FOLDER/kudryakov_hw1.py', '--cfg-path', '/tmp/tmp81rvs1uj']
[2025-09-25T19:54:29.553+0000] {standard_task_runner.py:91} INFO - Job 145: Subtask collect_metrics_model
[2025-09-25T19:54:29.569+0000] {task_command.py:426} INFO - Running <TaskInstance: hw1.collect_metrics_model manual__2025-09-25T19:48:58.053624+00:00 [running]> on host 2b301b74205f
[2025-09-25T19:54:29.598+0000] {taskinstance.py:2648} INFO - Exporting env vars: AIRFLOW_CTX_DAG_OWNER='VLADISLAV KUDRYAKOV' AIRFLOW_CTX_DAG_ID='hw1' AIRFLOW_CTX_TASK_ID='collect_metrics_model' AIRFLOW_CTX_EXECUTION_DATE='2025-09-25T19:48:58.053624+00:00' AIRFLOW_CTX_TRY_NUMBER='2' AIRFLOW_CTX_DAG_RUN_ID='manual__2025-09-25T19:48:58.053624+00:00'
[2025-09-25T19:54:29.598+0000] {taskinstance.py:430} INFO - ::endgroup::
[2025-09-25T19:54:29.603+0000] {logging_mixin.py:188} INFO - collect_metrics_model
[2025-09-25T19:54:29.603+0000] {kudryakov_hw1.py:203} INFO - Начали расчет метрик
[2025-09-25T19:54:29.606+0000] {base.py:84} INFO - Using connection ID 's3_connection' for task execution.
[2025-09-25T19:54:29.607+0000] {connection_wrapper.py:388} INFO - AWS Connection (conn_id='s3_connection', conn_type='aws') credentials retrieved from login and password.
[2025-09-25T19:54:33.264+0000] {python.py:237} INFO - Done. Returned value was: None
[2025-09-25T19:54:33.265+0000] {taskinstance.py:441} INFO - ::group::Post task execution logs
[2025-09-25T19:54:33.271+0000] {taskinstance.py:1206} INFO - Marking task as SUCCESS. dag_id=hw1, task_id=collect_metrics_model, run_id=manual__2025-09-25T19:48:58.053624+00:00, execution_date=20250925T194858, start_date=20250925T195429, end_date=20250925T195433
[2025-09-25T19:54:33.296+0000] {local_task_job_runner.py:243} INFO - Task exited with return code 0
[2025-09-25T19:54:33.310+0000] {taskinstance.py:3503} INFO - 1 downstream tasks scheduled from follow-on schedule check
[2025-09-25T19:54:33.311+0000] {local_task_job_runner.py:222} INFO - ::endgroup::
