[2025-09-25T17:29:09.898+0000] {local_task_job_runner.py:120} INFO - ::group::Pre task execution logs
[2025-09-25T17:29:09.904+0000] {taskinstance.py:2076} INFO - Dependencies all met for dep_context=non-requeueable deps ti=<TaskInstance: hw1.train_model manual__2025-09-25T17:28:52.982222+00:00 [queued]>
[2025-09-25T17:29:09.907+0000] {taskinstance.py:2076} INFO - Dependencies all met for dep_context=requeueable deps ti=<TaskInstance: hw1.train_model manual__2025-09-25T17:28:52.982222+00:00 [queued]>
[2025-09-25T17:29:09.907+0000] {taskinstance.py:2306} INFO - Starting attempt 1 of 2
[2025-09-25T17:29:09.911+0000] {taskinstance.py:2330} INFO - Executing <Task(PythonOperator): train_model> on 2025-09-25 17:28:52.982222+00:00
[2025-09-25T17:29:09.915+0000] {standard_task_runner.py:64} INFO - Started process 47881 to run task
[2025-09-25T17:29:09.917+0000] {standard_task_runner.py:90} INFO - Running: ['***', 'tasks', 'run', 'hw1', 'train_model', 'manual__2025-09-25T17:28:52.982222+00:00', '--job-id', '67', '--raw', '--subdir', 'DAGS_FOLDER/kudryakov_hw1.py', '--cfg-path', '/tmp/tmp_7ln7ip4']
[2025-09-25T17:29:09.918+0000] {standard_task_runner.py:91} INFO - Job 67: Subtask train_model
[2025-09-25T17:29:09.941+0000] {task_command.py:426} INFO - Running <TaskInstance: hw1.train_model manual__2025-09-25T17:28:52.982222+00:00 [running]> on host 2b301b74205f
[2025-09-25T17:29:09.975+0000] {taskinstance.py:2648} INFO - Exporting env vars: AIRFLOW_CTX_DAG_OWNER='VLADISLAV KUDRYAKOV' AIRFLOW_CTX_DAG_ID='hw1' AIRFLOW_CTX_TASK_ID='train_model' AIRFLOW_CTX_EXECUTION_DATE='2025-09-25T17:28:52.982222+00:00' AIRFLOW_CTX_TRY_NUMBER='1' AIRFLOW_CTX_DAG_RUN_ID='manual__2025-09-25T17:28:52.982222+00:00'
[2025-09-25T17:29:09.975+0000] {taskinstance.py:430} INFO - ::endgroup::
[2025-09-25T17:29:09.980+0000] {kudryakov_hw1.py:188} INFO - Начали обучение модели start-ts 2025-09-25T17:29:09.980833
[2025-09-25T17:29:09.981+0000] {s3.py:1422} INFO - Downloading source S3 file from Bucket mlops-webinar-web with path 2025/processed_data/titanic/titanic_x_train.pkl
[2025-09-25T17:29:09.984+0000] {base.py:84} INFO - Using connection ID 's3_connection' for task execution.
[2025-09-25T17:29:09.985+0000] {connection_wrapper.py:388} INFO - AWS Connection (conn_id='s3_connection', conn_type='aws') credentials retrieved from login and password.
[2025-09-25T17:29:12.258+0000] {s3.py:1422} INFO - Downloading source S3 file from Bucket mlops-webinar-web with path 2025/processed_data/titanic/titanic_x_test.pkl
[2025-09-25T17:29:14.361+0000] {s3.py:1422} INFO - Downloading source S3 file from Bucket mlops-webinar-web with path 2025/processed_data/titanic/titanic_y_train.pkl
[2025-09-25T17:29:15.801+0000] {s3.py:1422} INFO - Downloading source S3 file from Bucket mlops-webinar-web with path 2025/processed_data/titanic/titanic_y_test.pkl
[2025-09-25T17:29:20.613+0000] {kudryakov_hw1.py:210} INFO - Закончили обучение модели end-ts 2025-09-25T17:29:20.613242
[2025-09-25T17:29:25.373+0000] {kudryakov_hw1.py:224} INFO - Загрузили модель
[2025-09-25T17:29:25.385+0000] {python.py:237} INFO - Done. Returned value was: None
[2025-09-25T17:29:25.387+0000] {taskinstance.py:441} INFO - ::group::Post task execution logs
[2025-09-25T17:29:25.399+0000] {taskinstance.py:1206} INFO - Marking task as SUCCESS. dag_id=hw1, task_id=train_model, run_id=manual__2025-09-25T17:28:52.982222+00:00, execution_date=20250925T172852, start_date=20250925T172909, end_date=20250925T172925
[2025-09-25T17:29:25.481+0000] {local_task_job_runner.py:243} INFO - Task exited with return code 0
[2025-09-25T17:29:25.495+0000] {taskinstance.py:3503} INFO - 0 downstream tasks scheduled from follow-on schedule check
[2025-09-25T17:29:25.496+0000] {local_task_job_runner.py:222} INFO - ::endgroup::
