[2025-09-25T17:03:47.134+0000] {local_task_job_runner.py:120} INFO - ::group::Pre task execution logs
[2025-09-25T17:03:47.139+0000] {taskinstance.py:2076} INFO - Dependencies all met for dep_context=non-requeueable deps ti=<TaskInstance: hw1.split_and_preprocess manual__2025-09-25T17:03:42.857299+00:00 [queued]>
[2025-09-25T17:03:47.142+0000] {taskinstance.py:2076} INFO - Dependencies all met for dep_context=requeueable deps ti=<TaskInstance: hw1.split_and_preprocess manual__2025-09-25T17:03:42.857299+00:00 [queued]>
[2025-09-25T17:03:47.142+0000] {taskinstance.py:2306} INFO - Starting attempt 1 of 2
[2025-09-25T17:03:47.147+0000] {taskinstance.py:2330} INFO - Executing <Task(PythonOperator): split_and_preprocess> on 2025-09-25 17:03:42.857299+00:00
[2025-09-25T17:03:47.151+0000] {standard_task_runner.py:64} INFO - Started process 44117 to run task
[2025-09-25T17:03:47.152+0000] {standard_task_runner.py:90} INFO - Running: ['***', 'tasks', 'run', 'hw1', 'split_and_preprocess', 'manual__2025-09-25T17:03:42.857299+00:00', '--job-id', '52', '--raw', '--subdir', 'DAGS_FOLDER/kudryakov_hw1.py', '--cfg-path', '/tmp/tmpyp1p6543']
[2025-09-25T17:03:47.154+0000] {standard_task_runner.py:91} INFO - Job 52: Subtask split_and_preprocess
[2025-09-25T17:03:47.171+0000] {task_command.py:426} INFO - Running <TaskInstance: hw1.split_and_preprocess manual__2025-09-25T17:03:42.857299+00:00 [running]> on host 2b301b74205f
[2025-09-25T17:03:47.203+0000] {taskinstance.py:2648} INFO - Exporting env vars: AIRFLOW_CTX_DAG_OWNER='VLADISLAV KUDRYAKOV' AIRFLOW_CTX_DAG_ID='hw1' AIRFLOW_CTX_TASK_ID='split_and_preprocess' AIRFLOW_CTX_EXECUTION_DATE='2025-09-25T17:03:42.857299+00:00' AIRFLOW_CTX_TRY_NUMBER='1' AIRFLOW_CTX_DAG_RUN_ID='manual__2025-09-25T17:03:42.857299+00:00'
[2025-09-25T17:03:47.203+0000] {taskinstance.py:430} INFO - ::endgroup::
[2025-09-25T17:03:47.216+0000] {kudryakov_hw1.py:95} INFO - Разделить и предобработать данные
[2025-09-25T17:03:47.216+0000] {kudryakov_hw1.py:96} INFO - split_and_preprocess
[2025-09-25T17:03:47.216+0000] {s3.py:1422} INFO - Downloading source S3 file from Bucket mlops-webinar-web with path 2025/datasets/titanic.pkl
[2025-09-25T17:03:47.220+0000] {base.py:84} INFO - Using connection ID 's3_connection' for task execution.
[2025-09-25T17:03:47.220+0000] {connection_wrapper.py:388} INFO - AWS Connection (conn_id='s3_connection', conn_type='aws') credentials retrieved from login and password.
[2025-09-25T17:03:59.678+0000] {kudryakov_hw1.py:177} INFO - Xtrain, ytrain, XText, ytext успешно загружены
[2025-09-25T17:03:59.698+0000] {python.py:237} INFO - Done. Returned value was: None
[2025-09-25T17:03:59.701+0000] {taskinstance.py:441} INFO - ::group::Post task execution logs
[2025-09-25T17:03:59.746+0000] {taskinstance.py:1206} INFO - Marking task as SUCCESS. dag_id=hw1, task_id=split_and_preprocess, run_id=manual__2025-09-25T17:03:42.857299+00:00, execution_date=20250925T170342, start_date=20250925T170347, end_date=20250925T170359
[2025-09-25T17:03:59.824+0000] {local_task_job_runner.py:243} INFO - Task exited with return code 0
[2025-09-25T17:03:59.865+0000] {taskinstance.py:3503} INFO - 1 downstream tasks scheduled from follow-on schedule check
[2025-09-25T17:03:59.867+0000] {local_task_job_runner.py:222} INFO - ::endgroup::
