[2025-09-25T18:40:42.498+0000] {local_task_job_runner.py:120} INFO - ::group::Pre task execution logs
[2025-09-25T18:40:42.504+0000] {taskinstance.py:2076} INFO - Dependencies all met for dep_context=non-requeueable deps ti=<TaskInstance: hw1.train_model manual__2025-09-25T18:40:29.055088+00:00 [queued]>
[2025-09-25T18:40:42.507+0000] {taskinstance.py:2076} INFO - Dependencies all met for dep_context=requeueable deps ti=<TaskInstance: hw1.train_model manual__2025-09-25T18:40:29.055088+00:00 [queued]>
[2025-09-25T18:40:42.507+0000] {taskinstance.py:2306} INFO - Starting attempt 1 of 2
[2025-09-25T18:40:42.512+0000] {taskinstance.py:2330} INFO - Executing <Task(PythonOperator): train_model> on 2025-09-25 18:40:29.055088+00:00
[2025-09-25T18:40:42.515+0000] {standard_task_runner.py:64} INFO - Started process 55817 to run task
[2025-09-25T18:40:42.517+0000] {standard_task_runner.py:90} INFO - Running: ['***', 'tasks', 'run', 'hw1', 'train_model', 'manual__2025-09-25T18:40:29.055088+00:00', '--job-id', '75', '--raw', '--subdir', 'DAGS_FOLDER/kudryakov_hw1.py', '--cfg-path', '/tmp/tmpqonufg9q']
[2025-09-25T18:40:42.518+0000] {standard_task_runner.py:91} INFO - Job 75: Subtask train_model
[2025-09-25T18:40:42.537+0000] {task_command.py:426} INFO - Running <TaskInstance: hw1.train_model manual__2025-09-25T18:40:29.055088+00:00 [running]> on host 2b301b74205f
[2025-09-25T18:40:42.575+0000] {taskinstance.py:2648} INFO - Exporting env vars: AIRFLOW_CTX_DAG_OWNER='VLADISLAV KUDRYAKOV' AIRFLOW_CTX_DAG_ID='hw1' AIRFLOW_CTX_TASK_ID='train_model' AIRFLOW_CTX_EXECUTION_DATE='2025-09-25T18:40:29.055088+00:00' AIRFLOW_CTX_TRY_NUMBER='1' AIRFLOW_CTX_DAG_RUN_ID='manual__2025-09-25T18:40:29.055088+00:00'
[2025-09-25T18:40:42.576+0000] {taskinstance.py:430} INFO - ::endgroup::
[2025-09-25T18:40:42.581+0000] {kudryakov_hw1.py:159} INFO - Начали обучение модели start-ts 2025-09-25T18:40:42.581322
[2025-09-25T18:40:42.585+0000] {base.py:84} INFO - Using connection ID 's3_connection' for task execution.
[2025-09-25T18:40:42.586+0000] {connection_wrapper.py:388} INFO - AWS Connection (conn_id='s3_connection', conn_type='aws') credentials retrieved from login and password.
[2025-09-25T18:40:46.863+0000] {kudryakov_hw1.py:174} INFO - Закончили обучение модели end-ts 2025-09-25T18:40:46.863898
[2025-09-25T18:40:47.388+0000] {kudryakov_hw1.py:188} INFO - Успешно загрузили модель
[2025-09-25T18:40:47.390+0000] {python.py:237} INFO - Done. Returned value was: None
[2025-09-25T18:40:47.391+0000] {taskinstance.py:441} INFO - ::group::Post task execution logs
[2025-09-25T18:40:47.397+0000] {taskinstance.py:1206} INFO - Marking task as SUCCESS. dag_id=hw1, task_id=train_model, run_id=manual__2025-09-25T18:40:29.055088+00:00, execution_date=20250925T184029, start_date=20250925T184042, end_date=20250925T184047
[2025-09-25T18:40:47.450+0000] {local_task_job_runner.py:243} INFO - Task exited with return code 0
[2025-09-25T18:40:47.464+0000] {taskinstance.py:3503} INFO - 1 downstream tasks scheduled from follow-on schedule check
[2025-09-25T18:40:47.465+0000] {local_task_job_runner.py:222} INFO - ::endgroup::
