[2025-09-27T00:00:04.533+0000] {local_task_job_runner.py:120} INFO - ::group::Pre task execution logs
[2025-09-27T00:00:04.539+0000] {taskinstance.py:2076} INFO - Dependencies all met for dep_context=non-requeueable deps ti=<TaskInstance: hw1.split_and_preprocess scheduled__2025-09-26T00:00:00+00:00 [queued]>
[2025-09-27T00:00:04.543+0000] {taskinstance.py:2076} INFO - Dependencies all met for dep_context=requeueable deps ti=<TaskInstance: hw1.split_and_preprocess scheduled__2025-09-26T00:00:00+00:00 [queued]>
[2025-09-27T00:00:04.543+0000] {taskinstance.py:2306} INFO - Starting attempt 1 of 2
[2025-09-27T00:00:04.547+0000] {taskinstance.py:2330} INFO - Executing <Task(PythonOperator): split_and_preprocess> on 2025-09-26 00:00:00+00:00
[2025-09-27T00:00:04.550+0000] {standard_task_runner.py:64} INFO - Started process 1218 to run task
[2025-09-27T00:00:04.552+0000] {standard_task_runner.py:90} INFO - Running: ['***', 'tasks', 'run', 'hw1', 'split_and_preprocess', 'scheduled__2025-09-26T00:00:00+00:00', '--job-id', '232', '--raw', '--subdir', 'DAGS_FOLDER/.ipynb_checkpoints/kudryakov_hw1-checkpoint.py', '--cfg-path', '/tmp/tmp33d15bk6']
[2025-09-27T00:00:04.553+0000] {standard_task_runner.py:91} INFO - Job 232: Subtask split_and_preprocess
[2025-09-27T00:00:04.571+0000] {task_command.py:426} INFO - Running <TaskInstance: hw1.split_and_preprocess scheduled__2025-09-26T00:00:00+00:00 [running]> on host 2b301b74205f
[2025-09-27T00:00:04.605+0000] {taskinstance.py:2648} INFO - Exporting env vars: AIRFLOW_CTX_DAG_OWNER='VLADISLAV KUDRYAKOV' AIRFLOW_CTX_DAG_ID='hw1' AIRFLOW_CTX_TASK_ID='split_and_preprocess' AIRFLOW_CTX_EXECUTION_DATE='2025-09-26T00:00:00+00:00' AIRFLOW_CTX_TRY_NUMBER='1' AIRFLOW_CTX_DAG_RUN_ID='scheduled__2025-09-26T00:00:00+00:00'
[2025-09-27T00:00:04.606+0000] {taskinstance.py:430} INFO - ::endgroup::
[2025-09-27T00:00:04.627+0000] {kudryakov_hw1-checkpoint.py:101} INFO - Разделить и предобработать данные
[2025-09-27T00:00:04.627+0000] {kudryakov_hw1-checkpoint.py:102} INFO - split_and_preprocess
[2025-09-27T00:00:04.635+0000] {base.py:84} INFO - Using connection ID 's3_connection' for task execution.
[2025-09-27T00:00:04.636+0000] {connection_wrapper.py:388} INFO - AWS Connection (conn_id='s3_connection', conn_type='aws') credentials retrieved from login and password.
[2025-09-27T00:00:10.790+0000] {kudryakov_hw1-checkpoint.py:157} INFO - Xtrain, ytrain, XText, ytext успешно загружены
[2025-09-27T00:00:10.809+0000] {python.py:237} INFO - Done. Returned value was: None
[2025-09-27T00:00:10.810+0000] {taskinstance.py:441} INFO - ::group::Post task execution logs
[2025-09-27T00:00:10.816+0000] {taskinstance.py:1206} INFO - Marking task as SUCCESS. dag_id=hw1, task_id=split_and_preprocess, run_id=scheduled__2025-09-26T00:00:00+00:00, execution_date=20250926T000000, start_date=20250927T000004, end_date=20250927T000010
[2025-09-27T00:00:10.853+0000] {local_task_job_runner.py:243} INFO - Task exited with return code 0
[2025-09-27T00:00:10.866+0000] {taskinstance.py:3503} INFO - 1 downstream tasks scheduled from follow-on schedule check
[2025-09-27T00:00:10.866+0000] {local_task_job_runner.py:222} INFO - ::endgroup::
