[2025-09-25T11:00:44.876+0000] {local_task_job_runner.py:120} INFO - ::group::Pre task execution logs
[2025-09-25T11:00:44.882+0000] {taskinstance.py:2076} INFO - Dependencies all met for dep_context=non-requeueable deps ti=<TaskInstance: train_dag.task_download_data scheduled__2025-09-24T04:00:00+00:00 [queued]>
[2025-09-25T11:00:44.884+0000] {taskinstance.py:2076} INFO - Dependencies all met for dep_context=requeueable deps ti=<TaskInstance: train_dag.task_download_data scheduled__2025-09-24T04:00:00+00:00 [queued]>
[2025-09-25T11:00:44.885+0000] {taskinstance.py:2306} INFO - Starting attempt 1 of 1
[2025-09-25T11:00:44.889+0000] {taskinstance.py:2330} INFO - Executing <Task(PythonOperator): task_download_data> on 2025-09-24 04:00:00+00:00
[2025-09-25T11:00:44.892+0000] {standard_task_runner.py:64} INFO - Started process 10628 to run task
[2025-09-25T11:00:44.894+0000] {standard_task_runner.py:90} INFO - Running: ['***', 'tasks', 'run', 'train_dag', 'task_download_data', 'scheduled__2025-09-24T04:00:00+00:00', '--job-id', '5', '--raw', '--subdir', 'DAGS_FOLDER/example_2.py', '--cfg-path', '/tmp/tmp3wdlij_w']
[2025-09-25T11:00:44.896+0000] {standard_task_runner.py:91} INFO - Job 5: Subtask task_download_data
[2025-09-25T11:00:44.917+0000] {task_command.py:426} INFO - Running <TaskInstance: train_dag.task_download_data scheduled__2025-09-24T04:00:00+00:00 [running]> on host 2b301b74205f
[2025-09-25T11:00:44.949+0000] {taskinstance.py:2648} INFO - Exporting env vars: AIRFLOW_CTX_DAG_OWNER='Elizaveta Gavrilova' AIRFLOW_CTX_DAG_ID='train_dag' AIRFLOW_CTX_TASK_ID='task_download_data' AIRFLOW_CTX_EXECUTION_DATE='2025-09-24T04:00:00+00:00' AIRFLOW_CTX_TRY_NUMBER='1' AIRFLOW_CTX_DAG_RUN_ID='scheduled__2025-09-24T04:00:00+00:00'
[2025-09-25T11:00:44.949+0000] {taskinstance.py:430} INFO - ::endgroup::
[2025-09-25T11:00:45.435+0000] {_california_housing.py:173} INFO - Downloading Cal. housing from https://ndownloader.figshare.com/files/5976036 to /home/***/scikit_learn_data
[2025-09-25T11:00:46.768+0000] {base.py:84} INFO - Using connection ID 's3_connection' for task execution.
[2025-09-25T11:00:46.769+0000] {connection_wrapper.py:388} INFO - AWS Connection (conn_id='s3_connection', conn_type='aws') credentials retrieved from login and password.
[2025-09-25T11:00:48.633+0000] {example_2.py:61} INFO - Data downloaded.
[2025-09-25T11:00:48.639+0000] {python.py:237} INFO - Done. Returned value was: None
[2025-09-25T11:00:48.640+0000] {taskinstance.py:441} INFO - ::group::Post task execution logs
[2025-09-25T11:00:48.653+0000] {taskinstance.py:1206} INFO - Marking task as SUCCESS. dag_id=train_dag, task_id=task_download_data, run_id=scheduled__2025-09-24T04:00:00+00:00, execution_date=20250924T040000, start_date=20250925T110044, end_date=20250925T110048
[2025-09-25T11:00:48.716+0000] {local_task_job_runner.py:243} INFO - Task exited with return code 0
[2025-09-25T11:00:48.732+0000] {taskinstance.py:3503} INFO - 1 downstream tasks scheduled from follow-on schedule check
[2025-09-25T11:00:48.733+0000] {local_task_job_runner.py:222} INFO - ::endgroup::
