[2025-09-25T20:53:16.940+0000] {local_task_job_runner.py:120} INFO - ::group::Pre task execution logs
[2025-09-25T20:53:16.945+0000] {taskinstance.py:2076} INFO - Dependencies all met for dep_context=non-requeueable deps ti=<TaskInstance: hw1.train_model manual__2025-09-25T20:53:05.375602+00:00 [queued]>
[2025-09-25T20:53:16.949+0000] {taskinstance.py:2076} INFO - Dependencies all met for dep_context=requeueable deps ti=<TaskInstance: hw1.train_model manual__2025-09-25T20:53:05.375602+00:00 [queued]>
[2025-09-25T20:53:16.949+0000] {taskinstance.py:2306} INFO - Starting attempt 1 of 2
[2025-09-25T20:53:16.953+0000] {taskinstance.py:2330} INFO - Executing <Task(PythonOperator): train_model> on 2025-09-25 20:53:05.375602+00:00
[2025-09-25T20:53:16.957+0000] {standard_task_runner.py:64} INFO - Started process 76510 to run task
[2025-09-25T20:53:16.959+0000] {standard_task_runner.py:90} INFO - Running: ['***', 'tasks', 'run', 'hw1', 'train_model', 'manual__2025-09-25T20:53:05.375602+00:00', '--job-id', '216', '--raw', '--subdir', 'DAGS_FOLDER/.ipynb_checkpoints/kudryakov_hw1-checkpoint.py', '--cfg-path', '/tmp/tmp2wydl1ty']
[2025-09-25T20:53:16.960+0000] {standard_task_runner.py:91} INFO - Job 216: Subtask train_model
[2025-09-25T20:53:16.979+0000] {task_command.py:426} INFO - Running <TaskInstance: hw1.train_model manual__2025-09-25T20:53:05.375602+00:00 [running]> on host 2b301b74205f
[2025-09-25T20:53:17.010+0000] {taskinstance.py:2648} INFO - Exporting env vars: AIRFLOW_CTX_DAG_OWNER='VLADISLAV KUDRYAKOV' AIRFLOW_CTX_DAG_ID='hw1' AIRFLOW_CTX_TASK_ID='train_model' AIRFLOW_CTX_EXECUTION_DATE='2025-09-25T20:53:05.375602+00:00' AIRFLOW_CTX_TRY_NUMBER='1' AIRFLOW_CTX_DAG_RUN_ID='manual__2025-09-25T20:53:05.375602+00:00'
[2025-09-25T20:53:17.010+0000] {taskinstance.py:430} INFO - ::endgroup::
[2025-09-25T20:53:17.020+0000] {kudryakov_hw1-checkpoint.py:170} INFO - Начали обучение модели start-ts 2025-09-25T20:53:17.015736
[2025-09-25T20:53:17.023+0000] {base.py:84} INFO - Using connection ID 's3_connection' for task execution.
[2025-09-25T20:53:17.023+0000] {connection_wrapper.py:388} INFO - AWS Connection (conn_id='s3_connection', conn_type='aws') credentials retrieved from login and password.
[2025-09-25T20:53:20.553+0000] {kudryakov_hw1-checkpoint.py:187} INFO - Закончили обучение модели end-ts 2025-09-25T20:53:20.553071
[2025-09-25T20:53:21.349+0000] {kudryakov_hw1-checkpoint.py:202} INFO - Успешно загрузили модель
[2025-09-25T20:53:21.354+0000] {python.py:237} INFO - Done. Returned value was: None
[2025-09-25T20:53:21.356+0000] {taskinstance.py:441} INFO - ::group::Post task execution logs
[2025-09-25T20:53:21.373+0000] {taskinstance.py:1206} INFO - Marking task as SUCCESS. dag_id=hw1, task_id=train_model, run_id=manual__2025-09-25T20:53:05.375602+00:00, execution_date=20250925T205305, start_date=20250925T205316, end_date=20250925T205321
[2025-09-25T20:53:21.413+0000] {local_task_job_runner.py:243} INFO - Task exited with return code 0
[2025-09-25T20:53:21.446+0000] {taskinstance.py:3503} INFO - 1 downstream tasks scheduled from follow-on schedule check
[2025-09-25T20:53:21.448+0000] {local_task_job_runner.py:222} INFO - ::endgroup::
