[2025-10-05T00:00:04.121+0000] {local_task_job_runner.py:120} INFO - ::group::Pre task execution logs
[2025-10-05T00:00:04.126+0000] {taskinstance.py:2076} INFO - Dependencies all met for dep_context=non-requeueable deps ti=<TaskInstance: hw1.split_and_preprocess scheduled__2025-10-04T00:00:00+00:00 [queued]>
[2025-10-05T00:00:04.130+0000] {taskinstance.py:2076} INFO - Dependencies all met for dep_context=requeueable deps ti=<TaskInstance: hw1.split_and_preprocess scheduled__2025-10-04T00:00:00+00:00 [queued]>
[2025-10-05T00:00:04.130+0000] {taskinstance.py:2306} INFO - Starting attempt 1 of 2
[2025-10-05T00:00:04.134+0000] {taskinstance.py:2330} INFO - Executing <Task(PythonOperator): split_and_preprocess> on 2025-10-04 00:00:00+00:00
[2025-10-05T00:00:04.137+0000] {standard_task_runner.py:64} INFO - Started process 80955 to run task
[2025-10-05T00:00:04.139+0000] {standard_task_runner.py:90} INFO - Running: ['***', 'tasks', 'run', 'hw1', 'split_and_preprocess', 'scheduled__2025-10-04T00:00:00+00:00', '--job-id', '280', '--raw', '--subdir', 'DAGS_FOLDER/.ipynb_checkpoints/kudryakov_hw1-checkpoint.py', '--cfg-path', '/tmp/tmpyn5szgxk']
[2025-10-05T00:00:04.140+0000] {standard_task_runner.py:91} INFO - Job 280: Subtask split_and_preprocess
[2025-10-05T00:00:04.157+0000] {task_command.py:426} INFO - Running <TaskInstance: hw1.split_and_preprocess scheduled__2025-10-04T00:00:00+00:00 [running]> on host 2b301b74205f
[2025-10-05T00:00:04.188+0000] {taskinstance.py:2648} INFO - Exporting env vars: AIRFLOW_CTX_DAG_OWNER='VLADISLAV KUDRYAKOV' AIRFLOW_CTX_DAG_ID='hw1' AIRFLOW_CTX_TASK_ID='split_and_preprocess' AIRFLOW_CTX_EXECUTION_DATE='2025-10-04T00:00:00+00:00' AIRFLOW_CTX_TRY_NUMBER='1' AIRFLOW_CTX_DAG_RUN_ID='scheduled__2025-10-04T00:00:00+00:00'
[2025-10-05T00:00:04.188+0000] {taskinstance.py:430} INFO - ::endgroup::
[2025-10-05T00:00:04.204+0000] {kudryakov_hw1-checkpoint.py:101} INFO - Разделить и предобработать данные
[2025-10-05T00:00:04.205+0000] {kudryakov_hw1-checkpoint.py:102} INFO - split_and_preprocess
[2025-10-05T00:00:04.212+0000] {base.py:84} INFO - Using connection ID 's3_connection' for task execution.
[2025-10-05T00:00:04.213+0000] {connection_wrapper.py:388} INFO - AWS Connection (conn_id='s3_connection', conn_type='aws') credentials retrieved from login and password.
[2025-10-05T00:00:09.332+0000] {kudryakov_hw1-checkpoint.py:157} INFO - Xtrain, ytrain, XText, ytext успешно загружены
[2025-10-05T00:00:09.355+0000] {python.py:237} INFO - Done. Returned value was: None
[2025-10-05T00:00:09.356+0000] {taskinstance.py:441} INFO - ::group::Post task execution logs
[2025-10-05T00:00:09.364+0000] {taskinstance.py:1206} INFO - Marking task as SUCCESS. dag_id=hw1, task_id=split_and_preprocess, run_id=scheduled__2025-10-04T00:00:00+00:00, execution_date=20251004T000000, start_date=20251005T000004, end_date=20251005T000009
[2025-10-05T00:00:09.409+0000] {local_task_job_runner.py:243} INFO - Task exited with return code 0
[2025-10-05T00:00:09.425+0000] {taskinstance.py:3503} INFO - 1 downstream tasks scheduled from follow-on schedule check
[2025-10-05T00:00:09.426+0000] {local_task_job_runner.py:222} INFO - ::endgroup::
