[2025-10-07T00:00:25.694+0000] {local_task_job_runner.py:120} INFO - ::group::Pre task execution logs
[2025-10-07T00:00:25.700+0000] {taskinstance.py:2076} INFO - Dependencies all met for dep_context=non-requeueable deps ti=<TaskInstance: hw1.collect_metrics_pipeline scheduled__2025-10-06T00:00:00+00:00 [queued]>
[2025-10-07T00:00:25.704+0000] {taskinstance.py:2076} INFO - Dependencies all met for dep_context=requeueable deps ti=<TaskInstance: hw1.collect_metrics_pipeline scheduled__2025-10-06T00:00:00+00:00 [queued]>
[2025-10-07T00:00:25.704+0000] {taskinstance.py:2306} INFO - Starting attempt 1 of 2
[2025-10-07T00:00:25.709+0000] {taskinstance.py:2330} INFO - Executing <Task(PythonOperator): collect_metrics_pipeline> on 2025-10-06 00:00:00+00:00
[2025-10-07T00:00:25.713+0000] {standard_task_runner.py:64} INFO - Started process 15041 to run task
[2025-10-07T00:00:25.714+0000] {standard_task_runner.py:90} INFO - Running: ['***', 'tasks', 'run', 'hw1', 'collect_metrics_pipeline', 'scheduled__2025-10-06T00:00:00+00:00', '--job-id', '295', '--raw', '--subdir', 'DAGS_FOLDER/kudryakov_hw1.py', '--cfg-path', '/tmp/tmpoj8sanfh']
[2025-10-07T00:00:25.715+0000] {standard_task_runner.py:91} INFO - Job 295: Subtask collect_metrics_pipeline
[2025-10-07T00:00:25.734+0000] {task_command.py:426} INFO - Running <TaskInstance: hw1.collect_metrics_pipeline scheduled__2025-10-06T00:00:00+00:00 [running]> on host 2b301b74205f
[2025-10-07T00:00:25.766+0000] {taskinstance.py:2648} INFO - Exporting env vars: AIRFLOW_CTX_DAG_OWNER='VLADISLAV KUDRYAKOV' AIRFLOW_CTX_DAG_ID='hw1' AIRFLOW_CTX_TASK_ID='collect_metrics_pipeline' AIRFLOW_CTX_EXECUTION_DATE='2025-10-06T00:00:00+00:00' AIRFLOW_CTX_TRY_NUMBER='1' AIRFLOW_CTX_DAG_RUN_ID='scheduled__2025-10-06T00:00:00+00:00'
[2025-10-07T00:00:25.766+0000] {taskinstance.py:430} INFO - ::endgroup::
[2025-10-07T00:00:25.772+0000] {kudryakov_hw1.py:240} INFO - Начинаем сбор метрик пайплайна
[2025-10-07T00:00:25.795+0000] {base.py:84} INFO - Using connection ID 's3_connection' for task execution.
[2025-10-07T00:00:25.796+0000] {connection_wrapper.py:388} INFO - AWS Connection (conn_id='s3_connection', conn_type='aws') credentials retrieved from login and password.
[2025-10-07T00:00:26.522+0000] {kudryakov_hw1.py:279} INFO - Завершаем сбор метрик пайплайна
[2025-10-07T00:00:26.524+0000] {python.py:237} INFO - Done. Returned value was: None
[2025-10-07T00:00:26.524+0000] {taskinstance.py:441} INFO - ::group::Post task execution logs
[2025-10-07T00:00:26.532+0000] {taskinstance.py:1206} INFO - Marking task as SUCCESS. dag_id=hw1, task_id=collect_metrics_pipeline, run_id=scheduled__2025-10-06T00:00:00+00:00, execution_date=20251006T000000, start_date=20251007T000025, end_date=20251007T000026
[2025-10-07T00:00:26.572+0000] {local_task_job_runner.py:243} INFO - Task exited with return code 0
[2025-10-07T00:00:26.585+0000] {taskinstance.py:3503} INFO - 0 downstream tasks scheduled from follow-on schedule check
[2025-10-07T00:00:26.586+0000] {local_task_job_runner.py:222} INFO - ::endgroup::
