[2025-09-25T18:56:30.910+0000] {local_task_job_runner.py:120} INFO - ::group::Pre task execution logs
[2025-09-25T18:56:30.918+0000] {taskinstance.py:2076} INFO - Dependencies all met for dep_context=non-requeueable deps ti=<TaskInstance: hw1.split_and_preprocess manual__2025-09-25T18:56:26.588182+00:00 [queued]>
[2025-09-25T18:56:30.922+0000] {taskinstance.py:2076} INFO - Dependencies all met for dep_context=requeueable deps ti=<TaskInstance: hw1.split_and_preprocess manual__2025-09-25T18:56:26.588182+00:00 [queued]>
[2025-09-25T18:56:30.922+0000] {taskinstance.py:2306} INFO - Starting attempt 1 of 2
[2025-09-25T18:56:30.927+0000] {taskinstance.py:2330} INFO - Executing <Task(PythonOperator): split_and_preprocess> on 2025-09-25 18:56:26.588182+00:00
[2025-09-25T18:56:30.933+0000] {standard_task_runner.py:64} INFO - Started process 58738 to run task
[2025-09-25T18:56:30.935+0000] {standard_task_runner.py:90} INFO - Running: ['***', 'tasks', 'run', 'hw1', 'split_and_preprocess', 'manual__2025-09-25T18:56:26.588182+00:00', '--job-id', '102', '--raw', '--subdir', 'DAGS_FOLDER/kudryakov_hw1.py', '--cfg-path', '/tmp/tmprodsyz7n']
[2025-09-25T18:56:30.936+0000] {standard_task_runner.py:91} INFO - Job 102: Subtask split_and_preprocess
[2025-09-25T18:56:30.964+0000] {task_command.py:426} INFO - Running <TaskInstance: hw1.split_and_preprocess manual__2025-09-25T18:56:26.588182+00:00 [running]> on host 2b301b74205f
[2025-09-25T18:56:31.001+0000] {taskinstance.py:2648} INFO - Exporting env vars: AIRFLOW_CTX_DAG_OWNER='VLADISLAV KUDRYAKOV' AIRFLOW_CTX_DAG_ID='hw1' AIRFLOW_CTX_TASK_ID='split_and_preprocess' AIRFLOW_CTX_EXECUTION_DATE='2025-09-25T18:56:26.588182+00:00' AIRFLOW_CTX_TRY_NUMBER='1' AIRFLOW_CTX_DAG_RUN_ID='manual__2025-09-25T18:56:26.588182+00:00'
[2025-09-25T18:56:31.002+0000] {taskinstance.py:430} INFO - ::endgroup::
[2025-09-25T18:56:31.018+0000] {kudryakov_hw1.py:95} INFO - Разделить и предобработать данные
[2025-09-25T18:56:31.018+0000] {kudryakov_hw1.py:96} INFO - split_and_preprocess
[2025-09-25T18:56:31.023+0000] {base.py:84} INFO - Using connection ID 's3_connection' for task execution.
[2025-09-25T18:56:31.023+0000] {connection_wrapper.py:388} INFO - AWS Connection (conn_id='s3_connection', conn_type='aws') credentials retrieved from login and password.
[2025-09-25T18:56:36.452+0000] {kudryakov_hw1.py:148} INFO - Xtrain, ytrain, XText, ytext успешно загружены
[2025-09-25T18:56:36.455+0000] {python.py:237} INFO - Done. Returned value was: None
[2025-09-25T18:56:36.457+0000] {taskinstance.py:441} INFO - ::group::Post task execution logs
[2025-09-25T18:56:36.470+0000] {taskinstance.py:1206} INFO - Marking task as SUCCESS. dag_id=hw1, task_id=split_and_preprocess, run_id=manual__2025-09-25T18:56:26.588182+00:00, execution_date=20250925T185626, start_date=20250925T185630, end_date=20250925T185636
[2025-09-25T18:56:36.522+0000] {local_task_job_runner.py:243} INFO - Task exited with return code 0
[2025-09-25T18:56:36.556+0000] {taskinstance.py:3503} INFO - 1 downstream tasks scheduled from follow-on schedule check
[2025-09-25T18:56:36.558+0000] {local_task_job_runner.py:222} INFO - ::endgroup::
