[2025-09-28T00:06:26.569+0000] {local_task_job_runner.py:120} INFO - ::group::Pre task execution logs
[2025-09-28T00:06:26.575+0000] {taskinstance.py:2076} INFO - Dependencies all met for dep_context=non-requeueable deps ti=<TaskInstance: hw1.split_and_preprocess scheduled__2025-09-27T00:00:00+00:00 [queued]>
[2025-09-28T00:06:26.578+0000] {taskinstance.py:2076} INFO - Dependencies all met for dep_context=requeueable deps ti=<TaskInstance: hw1.split_and_preprocess scheduled__2025-09-27T00:00:00+00:00 [queued]>
[2025-09-28T00:06:26.578+0000] {taskinstance.py:2306} INFO - Starting attempt 1 of 2
[2025-09-28T00:06:26.582+0000] {taskinstance.py:2330} INFO - Executing <Task(PythonOperator): split_and_preprocess> on 2025-09-27 00:00:00+00:00
[2025-09-28T00:06:26.586+0000] {standard_task_runner.py:64} INFO - Started process 88995 to run task
[2025-09-28T00:06:26.587+0000] {standard_task_runner.py:90} INFO - Running: ['***', 'tasks', 'run', 'hw1', 'split_and_preprocess', 'scheduled__2025-09-27T00:00:00+00:00', '--job-id', '238', '--raw', '--subdir', 'DAGS_FOLDER/kudryakov_hw1.py', '--cfg-path', '/tmp/tmpugv9exou']
[2025-09-28T00:06:26.588+0000] {standard_task_runner.py:91} INFO - Job 238: Subtask split_and_preprocess
[2025-09-28T00:06:26.605+0000] {task_command.py:426} INFO - Running <TaskInstance: hw1.split_and_preprocess scheduled__2025-09-27T00:00:00+00:00 [running]> on host 2b301b74205f
[2025-09-28T00:06:26.635+0000] {taskinstance.py:2648} INFO - Exporting env vars: AIRFLOW_CTX_DAG_OWNER='VLADISLAV KUDRYAKOV' AIRFLOW_CTX_DAG_ID='hw1' AIRFLOW_CTX_TASK_ID='split_and_preprocess' AIRFLOW_CTX_EXECUTION_DATE='2025-09-27T00:00:00+00:00' AIRFLOW_CTX_TRY_NUMBER='1' AIRFLOW_CTX_DAG_RUN_ID='scheduled__2025-09-27T00:00:00+00:00'
[2025-09-28T00:06:26.636+0000] {taskinstance.py:430} INFO - ::endgroup::
[2025-09-28T00:06:26.649+0000] {kudryakov_hw1.py:101} INFO - Разделить и предобработать данные
[2025-09-28T00:06:26.649+0000] {kudryakov_hw1.py:102} INFO - split_and_preprocess
[2025-09-28T00:06:26.656+0000] {base.py:84} INFO - Using connection ID 's3_connection' for task execution.
[2025-09-28T00:06:26.657+0000] {connection_wrapper.py:388} INFO - AWS Connection (conn_id='s3_connection', conn_type='aws') credentials retrieved from login and password.
[2025-09-28T00:06:36.294+0000] {kudryakov_hw1.py:157} INFO - Xtrain, ytrain, XText, ytext успешно загружены
[2025-09-28T00:06:36.300+0000] {python.py:237} INFO - Done. Returned value was: None
[2025-09-28T00:06:36.300+0000] {taskinstance.py:441} INFO - ::group::Post task execution logs
[2025-09-28T00:06:36.303+0000] {taskinstance.py:1206} INFO - Marking task as SUCCESS. dag_id=hw1, task_id=split_and_preprocess, run_id=scheduled__2025-09-27T00:00:00+00:00, execution_date=20250927T000000, start_date=20250928T000626, end_date=20250928T000636
[2025-09-28T00:06:36.342+0000] {local_task_job_runner.py:243} INFO - Task exited with return code 0
[2025-09-28T00:06:36.351+0000] {taskinstance.py:3503} INFO - 1 downstream tasks scheduled from follow-on schedule check
[2025-09-28T00:06:36.352+0000] {local_task_job_runner.py:222} INFO - ::endgroup::
