[2025-09-25T17:23:01.797+0000] {local_task_job_runner.py:120} INFO - ::group::Pre task execution logs
[2025-09-25T17:23:01.803+0000] {taskinstance.py:2076} INFO - Dependencies all met for dep_context=non-requeueable deps ti=<TaskInstance: hw1.train_model manual__2025-09-25T17:22:42.021695+00:00 [queued]>
[2025-09-25T17:23:01.807+0000] {taskinstance.py:2076} INFO - Dependencies all met for dep_context=requeueable deps ti=<TaskInstance: hw1.train_model manual__2025-09-25T17:22:42.021695+00:00 [queued]>
[2025-09-25T17:23:01.808+0000] {taskinstance.py:2306} INFO - Starting attempt 1 of 2
[2025-09-25T17:23:01.813+0000] {taskinstance.py:2330} INFO - Executing <Task(PythonOperator): train_model> on 2025-09-25 17:22:42.021695+00:00
[2025-09-25T17:23:01.817+0000] {standard_task_runner.py:64} INFO - Started process 46990 to run task
[2025-09-25T17:23:01.819+0000] {standard_task_runner.py:90} INFO - Running: ['***', 'tasks', 'run', 'hw1', 'train_model', 'manual__2025-09-25T17:22:42.021695+00:00', '--job-id', '63', '--raw', '--subdir', 'DAGS_FOLDER/.ipynb_checkpoints/kudryakov_hw1-checkpoint.py', '--cfg-path', '/tmp/tmpedq_b76d']
[2025-09-25T17:23:01.822+0000] {standard_task_runner.py:91} INFO - Job 63: Subtask train_model
[2025-09-25T17:23:01.844+0000] {task_command.py:426} INFO - Running <TaskInstance: hw1.train_model manual__2025-09-25T17:22:42.021695+00:00 [running]> on host 2b301b74205f
[2025-09-25T17:23:01.880+0000] {taskinstance.py:2648} INFO - Exporting env vars: AIRFLOW_CTX_DAG_OWNER='VLADISLAV KUDRYAKOV' AIRFLOW_CTX_DAG_ID='hw1' AIRFLOW_CTX_TASK_ID='train_model' AIRFLOW_CTX_EXECUTION_DATE='2025-09-25T17:22:42.021695+00:00' AIRFLOW_CTX_TRY_NUMBER='1' AIRFLOW_CTX_DAG_RUN_ID='manual__2025-09-25T17:22:42.021695+00:00'
[2025-09-25T17:23:01.880+0000] {taskinstance.py:430} INFO - ::endgroup::
[2025-09-25T17:23:01.886+0000] {kudryakov_hw1-checkpoint.py:186} INFO - Начали обучение модели
[2025-09-25T17:23:01.886+0000] {s3.py:1422} INFO - Downloading source S3 file from Bucket mlops-webinar-web with path 2025/processed_data/titanic/titanic_x_train.pkl
[2025-09-25T17:23:01.890+0000] {base.py:84} INFO - Using connection ID 's3_connection' for task execution.
[2025-09-25T17:23:01.890+0000] {connection_wrapper.py:388} INFO - AWS Connection (conn_id='s3_connection', conn_type='aws') credentials retrieved from login and password.
[2025-09-25T17:23:04.552+0000] {s3.py:1422} INFO - Downloading source S3 file from Bucket mlops-webinar-web with path 2025/processed_data/titanic/titanic_x_test.pkl
[2025-09-25T17:23:06.539+0000] {s3.py:1422} INFO - Downloading source S3 file from Bucket mlops-webinar-web with path 2025/processed_data/titanic/titanic_y_train.pkl
[2025-09-25T17:23:07.868+0000] {s3.py:1422} INFO - Downloading source S3 file from Bucket mlops-webinar-web with path 2025/processed_data/titanic/titanic_y_test.pkl
[2025-09-25T17:23:13.840+0000] {kudryakov_hw1-checkpoint.py:207} INFO - Закончили обучение модели
[2025-09-25T17:23:31.170+0000] {kudryakov_hw1-checkpoint.py:220} INFO - Загрузили модель
[2025-09-25T17:23:31.198+0000] {python.py:237} INFO - Done. Returned value was: None
[2025-09-25T17:23:31.202+0000] {taskinstance.py:441} INFO - ::group::Post task execution logs
[2025-09-25T17:23:31.223+0000] {taskinstance.py:1206} INFO - Marking task as SUCCESS. dag_id=hw1, task_id=train_model, run_id=manual__2025-09-25T17:22:42.021695+00:00, execution_date=20250925T172242, start_date=20250925T172301, end_date=20250925T172331
[2025-09-25T17:23:31.315+0000] {local_task_job_runner.py:243} INFO - Task exited with return code 0
[2025-09-25T17:23:31.328+0000] {taskinstance.py:3503} INFO - 0 downstream tasks scheduled from follow-on schedule check
[2025-09-25T17:23:31.329+0000] {local_task_job_runner.py:222} INFO - ::endgroup::
