[2025-09-25T11:00:48.909+0000] {local_task_job_runner.py:120} INFO - ::group::Pre task execution logs
[2025-09-25T11:00:48.915+0000] {taskinstance.py:2076} INFO - Dependencies all met for dep_context=non-requeueable deps ti=<TaskInstance: train_dag.task_train_model scheduled__2025-09-24T04:00:00+00:00 [queued]>
[2025-09-25T11:00:48.918+0000] {taskinstance.py:2076} INFO - Dependencies all met for dep_context=requeueable deps ti=<TaskInstance: train_dag.task_train_model scheduled__2025-09-24T04:00:00+00:00 [queued]>
[2025-09-25T11:00:48.919+0000] {taskinstance.py:2306} INFO - Starting attempt 1 of 1
[2025-09-25T11:00:48.923+0000] {taskinstance.py:2330} INFO - Executing <Task(PythonOperator): task_train_model> on 2025-09-24 04:00:00+00:00
[2025-09-25T11:00:48.925+0000] {standard_task_runner.py:64} INFO - Started process 10643 to run task
[2025-09-25T11:00:48.927+0000] {standard_task_runner.py:90} INFO - Running: ['***', 'tasks', 'run', 'train_dag', 'task_train_model', 'scheduled__2025-09-24T04:00:00+00:00', '--job-id', '6', '--raw', '--subdir', 'DAGS_FOLDER/example_2.py', '--cfg-path', '/tmp/tmp7avxmnl7']
[2025-09-25T11:00:48.928+0000] {standard_task_runner.py:91} INFO - Job 6: Subtask task_train_model
[2025-09-25T11:00:48.947+0000] {task_command.py:426} INFO - Running <TaskInstance: train_dag.task_train_model scheduled__2025-09-24T04:00:00+00:00 [running]> on host 2b301b74205f
[2025-09-25T11:00:48.979+0000] {taskinstance.py:2648} INFO - Exporting env vars: AIRFLOW_CTX_DAG_OWNER='Elizaveta Gavrilova' AIRFLOW_CTX_DAG_ID='train_dag' AIRFLOW_CTX_TASK_ID='task_train_model' AIRFLOW_CTX_EXECUTION_DATE='2025-09-24T04:00:00+00:00' AIRFLOW_CTX_TRY_NUMBER='1' AIRFLOW_CTX_DAG_RUN_ID='scheduled__2025-09-24T04:00:00+00:00'
[2025-09-25T11:00:48.980+0000] {taskinstance.py:430} INFO - ::endgroup::
[2025-09-25T11:00:49.394+0000] {s3.py:1422} INFO - Downloading source S3 file from Bucket mlops-webinar-web with path 2025/datasets/california_housing.pkl
[2025-09-25T11:00:49.397+0000] {base.py:84} INFO - Using connection ID 's3_connection' for task execution.
[2025-09-25T11:00:49.397+0000] {connection_wrapper.py:388} INFO - AWS Connection (conn_id='s3_connection', conn_type='aws') credentials retrieved from login and password.
[2025-09-25T11:00:50.974+0000] {python.py:237} INFO - Done. Returned value was: {'r_squared': 0.575787706032451, 'RMSE': 0.7455813830127763, 'MAE': 0.4102330008496281}
[2025-09-25T11:00:50.976+0000] {taskinstance.py:441} INFO - ::group::Post task execution logs
[2025-09-25T11:00:51.030+0000] {taskinstance.py:1206} INFO - Marking task as SUCCESS. dag_id=train_dag, task_id=task_train_model, run_id=scheduled__2025-09-24T04:00:00+00:00, execution_date=20250924T040000, start_date=20250925T110048, end_date=20250925T110051
[2025-09-25T11:00:51.073+0000] {local_task_job_runner.py:243} INFO - Task exited with return code 0
[2025-09-25T11:00:51.090+0000] {taskinstance.py:3503} INFO - 1 downstream tasks scheduled from follow-on schedule check
[2025-09-25T11:00:51.092+0000] {local_task_job_runner.py:222} INFO - ::endgroup::
