[2025-09-25T16:36:39.117+0000] {local_task_job_runner.py:120} INFO - ::group::Pre task execution logs
[2025-09-25T16:36:39.123+0000] {taskinstance.py:2076} INFO - Dependencies all met for dep_context=non-requeueable deps ti=<TaskInstance: hw1.split_and_preprocess manual__2025-09-25T16:36:35.022074+00:00 [queued]>
[2025-09-25T16:36:39.125+0000] {taskinstance.py:2076} INFO - Dependencies all met for dep_context=requeueable deps ti=<TaskInstance: hw1.split_and_preprocess manual__2025-09-25T16:36:35.022074+00:00 [queued]>
[2025-09-25T16:36:39.126+0000] {taskinstance.py:2306} INFO - Starting attempt 1 of 2
[2025-09-25T16:36:39.130+0000] {taskinstance.py:2330} INFO - Executing <Task(PythonOperator): split_and_preprocess> on 2025-09-25 16:36:35.022074+00:00
[2025-09-25T16:36:39.134+0000] {standard_task_runner.py:64} INFO - Started process 40220 to run task
[2025-09-25T16:36:39.135+0000] {standard_task_runner.py:90} INFO - Running: ['***', 'tasks', 'run', 'hw1', 'split_and_preprocess', 'manual__2025-09-25T16:36:35.022074+00:00', '--job-id', '42', '--raw', '--subdir', 'DAGS_FOLDER/.ipynb_checkpoints/kudryakov_hw1-checkpoint.py', '--cfg-path', '/tmp/tmpi8oz1lv8']
[2025-09-25T16:36:39.137+0000] {standard_task_runner.py:91} INFO - Job 42: Subtask split_and_preprocess
[2025-09-25T16:36:39.154+0000] {task_command.py:426} INFO - Running <TaskInstance: hw1.split_and_preprocess manual__2025-09-25T16:36:35.022074+00:00 [running]> on host 2b301b74205f
[2025-09-25T16:36:39.185+0000] {taskinstance.py:2648} INFO - Exporting env vars: AIRFLOW_CTX_DAG_OWNER='VLADISLAV KUDRYAKOV' AIRFLOW_CTX_DAG_ID='hw1' AIRFLOW_CTX_TASK_ID='split_and_preprocess' AIRFLOW_CTX_EXECUTION_DATE='2025-09-25T16:36:35.022074+00:00' AIRFLOW_CTX_TRY_NUMBER='1' AIRFLOW_CTX_DAG_RUN_ID='manual__2025-09-25T16:36:35.022074+00:00'
[2025-09-25T16:36:39.185+0000] {taskinstance.py:430} INFO - ::endgroup::
[2025-09-25T16:36:39.211+0000] {kudryakov_hw1-checkpoint.py:95} INFO - Разделить и предобработать данные
[2025-09-25T16:36:39.211+0000] {kudryakov_hw1-checkpoint.py:96} INFO - split_and_preprocess
[2025-09-25T16:36:39.212+0000] {s3.py:1422} INFO - Downloading source S3 file from Bucket mlops-webinar-web with path 2025/datasets/titanic.pkl
[2025-09-25T16:36:39.216+0000] {base.py:84} INFO - Using connection ID 's3_connection' for task execution.
[2025-09-25T16:36:39.216+0000] {connection_wrapper.py:388} INFO - AWS Connection (conn_id='s3_connection', conn_type='aws') credentials retrieved from login and password.
[2025-09-25T16:36:40.313+0000] {logging_mixin.py:188} INFO - 
Новые колонки после OneHot: ['name_Abbott, Master. Eugene Joseph' 'name_Abbott, Mr. Rossmore Edward'
 'name_Abbott, Mrs. Stanton (Rosa Hunt)' ...
 'home.dest_Yoevil, England / Cottage Grove, OR'
 'home.dest_Youngstown, OH' 'home.dest_Zurich, Switzerland']
[2025-09-25T16:36:51.223+0000] {kudryakov_hw1-checkpoint.py:180} INFO - Xtrain, ytrain, XText, ytext успешно загружены
[2025-09-25T16:36:51.230+0000] {python.py:237} INFO - Done. Returned value was: None
[2025-09-25T16:36:51.232+0000] {taskinstance.py:441} INFO - ::group::Post task execution logs
[2025-09-25T16:36:51.242+0000] {taskinstance.py:1206} INFO - Marking task as SUCCESS. dag_id=hw1, task_id=split_and_preprocess, run_id=manual__2025-09-25T16:36:35.022074+00:00, execution_date=20250925T163635, start_date=20250925T163639, end_date=20250925T163651
[2025-09-25T16:36:51.261+0000] {local_task_job_runner.py:243} INFO - Task exited with return code 0
[2025-09-25T16:36:51.271+0000] {taskinstance.py:3503} INFO - 0 downstream tasks scheduled from follow-on schedule check
[2025-09-25T16:36:51.272+0000] {local_task_job_runner.py:222} INFO - ::endgroup::
