[2025-10-04T00:00:04.998+0000] {local_task_job_runner.py:120} INFO - ::group::Pre task execution logs
[2025-10-04T00:00:05.006+0000] {taskinstance.py:2076} INFO - Dependencies all met for dep_context=non-requeueable deps ti=<TaskInstance: hw1.split_and_preprocess scheduled__2025-10-03T00:00:00+00:00 [queued]>
[2025-10-04T00:00:05.010+0000] {taskinstance.py:2076} INFO - Dependencies all met for dep_context=requeueable deps ti=<TaskInstance: hw1.split_and_preprocess scheduled__2025-10-03T00:00:00+00:00 [queued]>
[2025-10-04T00:00:05.011+0000] {taskinstance.py:2306} INFO - Starting attempt 1 of 2
[2025-10-04T00:00:05.015+0000] {taskinstance.py:2330} INFO - Executing <Task(PythonOperator): split_and_preprocess> on 2025-10-03 00:00:00+00:00
[2025-10-04T00:00:05.020+0000] {standard_task_runner.py:64} INFO - Started process 67067 to run task
[2025-10-04T00:00:05.021+0000] {standard_task_runner.py:90} INFO - Running: ['***', 'tasks', 'run', 'hw1', 'split_and_preprocess', 'scheduled__2025-10-03T00:00:00+00:00', '--job-id', '274', '--raw', '--subdir', 'DAGS_FOLDER/kudryakov_hw1.py', '--cfg-path', '/tmp/tmp6m_9pzkj']
[2025-10-04T00:00:05.022+0000] {standard_task_runner.py:91} INFO - Job 274: Subtask split_and_preprocess
[2025-10-04T00:00:05.043+0000] {task_command.py:426} INFO - Running <TaskInstance: hw1.split_and_preprocess scheduled__2025-10-03T00:00:00+00:00 [running]> on host 2b301b74205f
[2025-10-04T00:00:05.079+0000] {taskinstance.py:2648} INFO - Exporting env vars: AIRFLOW_CTX_DAG_OWNER='VLADISLAV KUDRYAKOV' AIRFLOW_CTX_DAG_ID='hw1' AIRFLOW_CTX_TASK_ID='split_and_preprocess' AIRFLOW_CTX_EXECUTION_DATE='2025-10-03T00:00:00+00:00' AIRFLOW_CTX_TRY_NUMBER='1' AIRFLOW_CTX_DAG_RUN_ID='scheduled__2025-10-03T00:00:00+00:00'
[2025-10-04T00:00:05.080+0000] {taskinstance.py:430} INFO - ::endgroup::
[2025-10-04T00:00:05.098+0000] {kudryakov_hw1.py:101} INFO - Разделить и предобработать данные
[2025-10-04T00:00:05.098+0000] {kudryakov_hw1.py:102} INFO - split_and_preprocess
[2025-10-04T00:00:05.107+0000] {base.py:84} INFO - Using connection ID 's3_connection' for task execution.
[2025-10-04T00:00:05.107+0000] {connection_wrapper.py:388} INFO - AWS Connection (conn_id='s3_connection', conn_type='aws') credentials retrieved from login and password.
[2025-10-04T00:00:13.405+0000] {kudryakov_hw1.py:157} INFO - Xtrain, ytrain, XText, ytext успешно загружены
[2025-10-04T00:00:13.419+0000] {python.py:237} INFO - Done. Returned value was: None
[2025-10-04T00:00:13.420+0000] {taskinstance.py:441} INFO - ::group::Post task execution logs
[2025-10-04T00:00:13.428+0000] {taskinstance.py:1206} INFO - Marking task as SUCCESS. dag_id=hw1, task_id=split_and_preprocess, run_id=scheduled__2025-10-03T00:00:00+00:00, execution_date=20251003T000000, start_date=20251004T000005, end_date=20251004T000013
[2025-10-04T00:00:13.460+0000] {local_task_job_runner.py:243} INFO - Task exited with return code 0
[2025-10-04T00:00:13.478+0000] {taskinstance.py:3503} INFO - 1 downstream tasks scheduled from follow-on schedule check
[2025-10-04T00:00:13.480+0000] {local_task_job_runner.py:222} INFO - ::endgroup::
