[2025-09-25T16:14:53.337+0000] {local_task_job_runner.py:120} INFO - ::group::Pre task execution logs
[2025-09-25T16:14:53.342+0000] {taskinstance.py:2076} INFO - Dependencies all met for dep_context=non-requeueable deps ti=<TaskInstance: hw1.collect_data manual__2025-09-25T16:14:50.753206+00:00 [queued]>
[2025-09-25T16:14:53.345+0000] {taskinstance.py:2076} INFO - Dependencies all met for dep_context=requeueable deps ti=<TaskInstance: hw1.collect_data manual__2025-09-25T16:14:50.753206+00:00 [queued]>
[2025-09-25T16:14:53.345+0000] {taskinstance.py:2306} INFO - Starting attempt 1 of 2
[2025-09-25T16:14:53.350+0000] {taskinstance.py:2330} INFO - Executing <Task(PythonOperator): collect_data> on 2025-09-25 16:14:50.753206+00:00
[2025-09-25T16:14:53.353+0000] {standard_task_runner.py:64} INFO - Started process 37101 to run task
[2025-09-25T16:14:53.355+0000] {standard_task_runner.py:90} INFO - Running: ['***', 'tasks', 'run', 'hw1', 'collect_data', 'manual__2025-09-25T16:14:50.753206+00:00', '--job-id', '25', '--raw', '--subdir', 'DAGS_FOLDER/.ipynb_checkpoints/kudryakov_hw1-checkpoint.py', '--cfg-path', '/tmp/tmprshkei_1']
[2025-09-25T16:14:53.356+0000] {standard_task_runner.py:91} INFO - Job 25: Subtask collect_data
[2025-09-25T16:14:53.374+0000] {task_command.py:426} INFO - Running <TaskInstance: hw1.collect_data manual__2025-09-25T16:14:50.753206+00:00 [running]> on host 2b301b74205f
[2025-09-25T16:14:53.401+0000] {taskinstance.py:2648} INFO - Exporting env vars: AIRFLOW_CTX_DAG_OWNER='VLADISLAV KUDRYAKOV' AIRFLOW_CTX_DAG_ID='hw1' AIRFLOW_CTX_TASK_ID='collect_data' AIRFLOW_CTX_EXECUTION_DATE='2025-09-25T16:14:50.753206+00:00' AIRFLOW_CTX_TRY_NUMBER='1' AIRFLOW_CTX_DAG_RUN_ID='manual__2025-09-25T16:14:50.753206+00:00'
[2025-09-25T16:14:53.402+0000] {taskinstance.py:430} INFO - ::endgroup::
[2025-09-25T16:14:53.406+0000] {kudryakov_hw1-checkpoint.py:68} INFO - Началась загрузка данных
[2025-09-25T16:14:53.406+0000] {kudryakov_hw1-checkpoint.py:69} INFO - Началась загрузка данных
[2025-09-25T16:14:53.429+0000] {kudryakov_hw1-checkpoint.py:76} INFO - Данные получили
[2025-09-25T16:14:53.429+0000] {python.py:237} INFO - Done. Returned value was: None
[2025-09-25T16:14:53.430+0000] {taskinstance.py:441} INFO - ::group::Post task execution logs
[2025-09-25T16:14:53.434+0000] {taskinstance.py:1206} INFO - Marking task as SUCCESS. dag_id=hw1, task_id=collect_data, run_id=manual__2025-09-25T16:14:50.753206+00:00, execution_date=20250925T161450, start_date=20250925T161453, end_date=20250925T161453
[2025-09-25T16:14:53.453+0000] {local_task_job_runner.py:243} INFO - Task exited with return code 0
[2025-09-25T16:14:53.460+0000] {taskinstance.py:3503} INFO - 0 downstream tasks scheduled from follow-on schedule check
[2025-09-25T16:14:53.461+0000] {local_task_job_runner.py:222} INFO - ::endgroup::
