[2025-09-25T19:31:41.515+0000] {local_task_job_runner.py:120} INFO - ::group::Pre task execution logs
[2025-09-25T19:31:41.522+0000] {taskinstance.py:2076} INFO - Dependencies all met for dep_context=non-requeueable deps ti=<TaskInstance: hw1.train_model manual__2025-09-25T19:31:29.849722+00:00 [queued]>
[2025-09-25T19:31:41.526+0000] {taskinstance.py:2076} INFO - Dependencies all met for dep_context=requeueable deps ti=<TaskInstance: hw1.train_model manual__2025-09-25T19:31:29.849722+00:00 [queued]>
[2025-09-25T19:31:41.526+0000] {taskinstance.py:2306} INFO - Starting attempt 1 of 2
[2025-09-25T19:31:41.531+0000] {taskinstance.py:2330} INFO - Executing <Task(PythonOperator): train_model> on 2025-09-25 19:31:29.849722+00:00
[2025-09-25T19:31:41.534+0000] {standard_task_runner.py:64} INFO - Started process 64268 to run task
[2025-09-25T19:31:41.536+0000] {standard_task_runner.py:90} INFO - Running: ['***', 'tasks', 'run', 'hw1', 'train_model', 'manual__2025-09-25T19:31:29.849722+00:00', '--job-id', '131', '--raw', '--subdir', 'DAGS_FOLDER/kudryakov_hw1.py', '--cfg-path', '/tmp/tmpnejc4hrf']
[2025-09-25T19:31:41.537+0000] {standard_task_runner.py:91} INFO - Job 131: Subtask train_model
[2025-09-25T19:31:41.556+0000] {task_command.py:426} INFO - Running <TaskInstance: hw1.train_model manual__2025-09-25T19:31:29.849722+00:00 [running]> on host 2b301b74205f
[2025-09-25T19:31:41.589+0000] {taskinstance.py:2648} INFO - Exporting env vars: AIRFLOW_CTX_DAG_OWNER='VLADISLAV KUDRYAKOV' AIRFLOW_CTX_DAG_ID='hw1' AIRFLOW_CTX_TASK_ID='train_model' AIRFLOW_CTX_EXECUTION_DATE='2025-09-25T19:31:29.849722+00:00' AIRFLOW_CTX_TRY_NUMBER='1' AIRFLOW_CTX_DAG_RUN_ID='manual__2025-09-25T19:31:29.849722+00:00'
[2025-09-25T19:31:41.589+0000] {taskinstance.py:430} INFO - ::endgroup::
[2025-09-25T19:31:41.595+0000] {kudryakov_hw1.py:160} INFO - Начали обучение модели start-ts 2025-09-25T19:31:41.595138
[2025-09-25T19:31:41.599+0000] {base.py:84} INFO - Using connection ID 's3_connection' for task execution.
[2025-09-25T19:31:41.599+0000] {connection_wrapper.py:388} INFO - AWS Connection (conn_id='s3_connection', conn_type='aws') credentials retrieved from login and password.
[2025-09-25T19:31:45.433+0000] {kudryakov_hw1.py:177} INFO - Закончили обучение модели end-ts 2025-09-25T19:31:45.433581
[2025-09-25T19:31:46.239+0000] {kudryakov_hw1.py:191} INFO - Успешно загрузили модель
[2025-09-25T19:31:46.248+0000] {python.py:237} INFO - Done. Returned value was: None
[2025-09-25T19:31:46.250+0000] {taskinstance.py:441} INFO - ::group::Post task execution logs
[2025-09-25T19:31:46.271+0000] {taskinstance.py:1206} INFO - Marking task as SUCCESS. dag_id=hw1, task_id=train_model, run_id=manual__2025-09-25T19:31:29.849722+00:00, execution_date=20250925T193129, start_date=20250925T193141, end_date=20250925T193146
[2025-09-25T19:31:46.313+0000] {local_task_job_runner.py:243} INFO - Task exited with return code 0
[2025-09-25T19:31:46.345+0000] {taskinstance.py:3503} INFO - 1 downstream tasks scheduled from follow-on schedule check
[2025-09-25T19:31:46.347+0000] {local_task_job_runner.py:222} INFO - ::endgroup::
