[2025-09-25T16:44:24.393+0000] {local_task_job_runner.py:120} INFO - ::group::Pre task execution logs
[2025-09-25T16:44:24.398+0000] {taskinstance.py:2076} INFO - Dependencies all met for dep_context=non-requeueable deps ti=<TaskInstance: hw1.split_and_preprocess manual__2025-09-25T16:44:19.117237+00:00 [queued]>
[2025-09-25T16:44:24.401+0000] {taskinstance.py:2076} INFO - Dependencies all met for dep_context=requeueable deps ti=<TaskInstance: hw1.split_and_preprocess manual__2025-09-25T16:44:19.117237+00:00 [queued]>
[2025-09-25T16:44:24.401+0000] {taskinstance.py:2306} INFO - Starting attempt 1 of 2
[2025-09-25T16:44:24.405+0000] {taskinstance.py:2330} INFO - Executing <Task(PythonOperator): split_and_preprocess> on 2025-09-25 16:44:19.117237+00:00
[2025-09-25T16:44:24.409+0000] {standard_task_runner.py:64} INFO - Started process 41310 to run task
[2025-09-25T16:44:24.411+0000] {standard_task_runner.py:90} INFO - Running: ['***', 'tasks', 'run', 'hw1', 'split_and_preprocess', 'manual__2025-09-25T16:44:19.117237+00:00', '--job-id', '45', '--raw', '--subdir', 'DAGS_FOLDER/.ipynb_checkpoints/kudryakov_hw1-checkpoint.py', '--cfg-path', '/tmp/tmpmwcmbrn0']
[2025-09-25T16:44:24.412+0000] {standard_task_runner.py:91} INFO - Job 45: Subtask split_and_preprocess
[2025-09-25T16:44:24.428+0000] {task_command.py:426} INFO - Running <TaskInstance: hw1.split_and_preprocess manual__2025-09-25T16:44:19.117237+00:00 [running]> on host 2b301b74205f
[2025-09-25T16:44:24.457+0000] {taskinstance.py:2648} INFO - Exporting env vars: AIRFLOW_CTX_DAG_OWNER='VLADISLAV KUDRYAKOV' AIRFLOW_CTX_DAG_ID='hw1' AIRFLOW_CTX_TASK_ID='split_and_preprocess' AIRFLOW_CTX_EXECUTION_DATE='2025-09-25T16:44:19.117237+00:00' AIRFLOW_CTX_TRY_NUMBER='1' AIRFLOW_CTX_DAG_RUN_ID='manual__2025-09-25T16:44:19.117237+00:00'
[2025-09-25T16:44:24.457+0000] {taskinstance.py:430} INFO - ::endgroup::
[2025-09-25T16:44:24.469+0000] {kudryakov_hw1-checkpoint.py:95} INFO - Разделить и предобработать данные
[2025-09-25T16:44:24.470+0000] {kudryakov_hw1-checkpoint.py:96} INFO - split_and_preprocess
[2025-09-25T16:44:24.470+0000] {s3.py:1422} INFO - Downloading source S3 file from Bucket mlops-webinar-web with path 2025/datasets/titanic.pkl
[2025-09-25T16:44:24.473+0000] {base.py:84} INFO - Using connection ID 's3_connection' for task execution.
[2025-09-25T16:44:24.474+0000] {connection_wrapper.py:388} INFO - AWS Connection (conn_id='s3_connection', conn_type='aws') credentials retrieved from login and password.
[2025-09-25T16:44:25.686+0000] {logging_mixin.py:188} INFO - 
Новые колонки после OneHot: ['name_Abbott, Master. Eugene Joseph' 'name_Abbott, Mr. Rossmore Edward'
 'name_Abbott, Mrs. Stanton (Rosa Hunt)' ...
 'home.dest_Yoevil, England / Cottage Grove, OR'
 'home.dest_Youngstown, OH' 'home.dest_Zurich, Switzerland']
[2025-09-25T16:44:35.775+0000] {kudryakov_hw1-checkpoint.py:180} INFO - Xtrain, ytrain, XText, ytext успешно загружены
[2025-09-25T16:44:35.792+0000] {python.py:237} INFO - Done. Returned value was: None
[2025-09-25T16:44:35.794+0000] {taskinstance.py:441} INFO - ::group::Post task execution logs
[2025-09-25T16:44:35.811+0000] {taskinstance.py:1206} INFO - Marking task as SUCCESS. dag_id=hw1, task_id=split_and_preprocess, run_id=manual__2025-09-25T16:44:19.117237+00:00, execution_date=20250925T164419, start_date=20250925T164424, end_date=20250925T164435
[2025-09-25T16:44:35.876+0000] {local_task_job_runner.py:243} INFO - Task exited with return code 0
[2025-09-25T16:44:35.889+0000] {taskinstance.py:3503} INFO - 0 downstream tasks scheduled from follow-on schedule check
[2025-09-25T16:44:35.890+0000] {local_task_job_runner.py:222} INFO - ::endgroup::
