[2025-10-05T00:00:21.258+0000] {local_task_job_runner.py:120} INFO - ::group::Pre task execution logs
[2025-10-05T00:00:21.264+0000] {taskinstance.py:2076} INFO - Dependencies all met for dep_context=non-requeueable deps ti=<TaskInstance: hw1.collect_metrics_pipeline scheduled__2025-10-04T00:00:00+00:00 [queued]>
[2025-10-05T00:00:21.267+0000] {taskinstance.py:2076} INFO - Dependencies all met for dep_context=requeueable deps ti=<TaskInstance: hw1.collect_metrics_pipeline scheduled__2025-10-04T00:00:00+00:00 [queued]>
[2025-10-05T00:00:21.267+0000] {taskinstance.py:2306} INFO - Starting attempt 1 of 2
[2025-10-05T00:00:21.271+0000] {taskinstance.py:2330} INFO - Executing <Task(PythonOperator): collect_metrics_pipeline> on 2025-10-04 00:00:00+00:00
[2025-10-05T00:00:21.274+0000] {standard_task_runner.py:64} INFO - Started process 81123 to run task
[2025-10-05T00:00:21.276+0000] {standard_task_runner.py:90} INFO - Running: ['***', 'tasks', 'run', 'hw1', 'collect_metrics_pipeline', 'scheduled__2025-10-04T00:00:00+00:00', '--job-id', '283', '--raw', '--subdir', 'DAGS_FOLDER/kudryakov_hw1.py', '--cfg-path', '/tmp/tmpv56_b2pm']
[2025-10-05T00:00:21.277+0000] {standard_task_runner.py:91} INFO - Job 283: Subtask collect_metrics_pipeline
[2025-10-05T00:00:21.295+0000] {task_command.py:426} INFO - Running <TaskInstance: hw1.collect_metrics_pipeline scheduled__2025-10-04T00:00:00+00:00 [running]> on host 2b301b74205f
[2025-10-05T00:00:21.325+0000] {taskinstance.py:2648} INFO - Exporting env vars: AIRFLOW_CTX_DAG_OWNER='VLADISLAV KUDRYAKOV' AIRFLOW_CTX_DAG_ID='hw1' AIRFLOW_CTX_TASK_ID='collect_metrics_pipeline' AIRFLOW_CTX_EXECUTION_DATE='2025-10-04T00:00:00+00:00' AIRFLOW_CTX_TRY_NUMBER='1' AIRFLOW_CTX_DAG_RUN_ID='scheduled__2025-10-04T00:00:00+00:00'
[2025-10-05T00:00:21.325+0000] {taskinstance.py:430} INFO - ::endgroup::
[2025-10-05T00:00:21.329+0000] {kudryakov_hw1.py:240} INFO - Начинаем сбор метрик пайплайна
[2025-10-05T00:00:21.352+0000] {base.py:84} INFO - Using connection ID 's3_connection' for task execution.
[2025-10-05T00:00:21.352+0000] {connection_wrapper.py:388} INFO - AWS Connection (conn_id='s3_connection', conn_type='aws') credentials retrieved from login and password.
[2025-10-05T00:00:22.060+0000] {kudryakov_hw1.py:279} INFO - Завершаем сбор метрик пайплайна
[2025-10-05T00:00:22.064+0000] {python.py:237} INFO - Done. Returned value was: None
[2025-10-05T00:00:22.065+0000] {taskinstance.py:441} INFO - ::group::Post task execution logs
[2025-10-05T00:00:22.076+0000] {taskinstance.py:1206} INFO - Marking task as SUCCESS. dag_id=hw1, task_id=collect_metrics_pipeline, run_id=scheduled__2025-10-04T00:00:00+00:00, execution_date=20251004T000000, start_date=20251005T000021, end_date=20251005T000022
[2025-10-05T00:00:22.117+0000] {local_task_job_runner.py:243} INFO - Task exited with return code 0
[2025-10-05T00:00:22.137+0000] {taskinstance.py:3503} INFO - 0 downstream tasks scheduled from follow-on schedule check
[2025-10-05T00:00:22.138+0000] {local_task_job_runner.py:222} INFO - ::endgroup::
