[2025-10-07T00:00:14.735+0000] {local_task_job_runner.py:120} INFO - ::group::Pre task execution logs
[2025-10-07T00:00:14.741+0000] {taskinstance.py:2076} INFO - Dependencies all met for dep_context=non-requeueable deps ti=<TaskInstance: hw1.train_model scheduled__2025-10-06T00:00:00+00:00 [queued]>
[2025-10-07T00:00:14.744+0000] {taskinstance.py:2076} INFO - Dependencies all met for dep_context=requeueable deps ti=<TaskInstance: hw1.train_model scheduled__2025-10-06T00:00:00+00:00 [queued]>
[2025-10-07T00:00:14.745+0000] {taskinstance.py:2306} INFO - Starting attempt 1 of 2
[2025-10-07T00:00:14.749+0000] {taskinstance.py:2330} INFO - Executing <Task(PythonOperator): train_model> on 2025-10-06 00:00:00+00:00
[2025-10-07T00:00:14.752+0000] {standard_task_runner.py:64} INFO - Started process 14967 to run task
[2025-10-07T00:00:14.755+0000] {standard_task_runner.py:90} INFO - Running: ['***', 'tasks', 'run', 'hw1', 'train_model', 'scheduled__2025-10-06T00:00:00+00:00', '--job-id', '293', '--raw', '--subdir', 'DAGS_FOLDER/kudryakov_hw1.py', '--cfg-path', '/tmp/tmpgijv0o2f']
[2025-10-07T00:00:14.756+0000] {standard_task_runner.py:91} INFO - Job 293: Subtask train_model
[2025-10-07T00:00:14.775+0000] {task_command.py:426} INFO - Running <TaskInstance: hw1.train_model scheduled__2025-10-06T00:00:00+00:00 [running]> on host 2b301b74205f
[2025-10-07T00:00:14.809+0000] {taskinstance.py:2648} INFO - Exporting env vars: AIRFLOW_CTX_DAG_OWNER='VLADISLAV KUDRYAKOV' AIRFLOW_CTX_DAG_ID='hw1' AIRFLOW_CTX_TASK_ID='train_model' AIRFLOW_CTX_EXECUTION_DATE='2025-10-06T00:00:00+00:00' AIRFLOW_CTX_TRY_NUMBER='1' AIRFLOW_CTX_DAG_RUN_ID='scheduled__2025-10-06T00:00:00+00:00'
[2025-10-07T00:00:14.810+0000] {taskinstance.py:430} INFO - ::endgroup::
[2025-10-07T00:00:14.820+0000] {kudryakov_hw1.py:170} INFO - Начали обучение модели start-ts 2025-10-07T00:00:14.816004
[2025-10-07T00:00:14.824+0000] {base.py:84} INFO - Using connection ID 's3_connection' for task execution.
[2025-10-07T00:00:14.824+0000] {connection_wrapper.py:388} INFO - AWS Connection (conn_id='s3_connection', conn_type='aws') credentials retrieved from login and password.
[2025-10-07T00:00:18.874+0000] {kudryakov_hw1.py:187} INFO - Закончили обучение модели end-ts 2025-10-07T00:00:18.874000
[2025-10-07T00:00:19.680+0000] {kudryakov_hw1.py:202} INFO - Успешно загрузили модель
[2025-10-07T00:00:19.684+0000] {python.py:237} INFO - Done. Returned value was: None
[2025-10-07T00:00:19.686+0000] {taskinstance.py:441} INFO - ::group::Post task execution logs
[2025-10-07T00:00:19.695+0000] {taskinstance.py:1206} INFO - Marking task as SUCCESS. dag_id=hw1, task_id=train_model, run_id=scheduled__2025-10-06T00:00:00+00:00, execution_date=20251006T000000, start_date=20251007T000014, end_date=20251007T000019
[2025-10-07T00:00:19.759+0000] {local_task_job_runner.py:243} INFO - Task exited with return code 0
[2025-10-07T00:00:19.791+0000] {taskinstance.py:3503} INFO - 1 downstream tasks scheduled from follow-on schedule check
[2025-10-07T00:00:19.792+0000] {local_task_job_runner.py:222} INFO - ::endgroup::
