[2025-09-25T20:57:15.796+0000] {local_task_job_runner.py:120} INFO - ::group::Pre task execution logs
[2025-09-25T20:57:15.802+0000] {taskinstance.py:2076} INFO - Dependencies all met for dep_context=non-requeueable deps ti=<TaskInstance: hw1.collect_metrics_pipeline manual__2025-09-25T20:56:52.062973+00:00 [queued]>
[2025-09-25T20:57:15.806+0000] {taskinstance.py:2076} INFO - Dependencies all met for dep_context=requeueable deps ti=<TaskInstance: hw1.collect_metrics_pipeline manual__2025-09-25T20:56:52.062973+00:00 [queued]>
[2025-09-25T20:57:15.806+0000] {taskinstance.py:2306} INFO - Starting attempt 1 of 2
[2025-09-25T20:57:15.810+0000] {taskinstance.py:2330} INFO - Executing <Task(PythonOperator): collect_metrics_pipeline> on 2025-09-25 20:56:52.062973+00:00
[2025-09-25T20:57:15.814+0000] {standard_task_runner.py:64} INFO - Started process 77301 to run task
[2025-09-25T20:57:15.816+0000] {standard_task_runner.py:90} INFO - Running: ['***', 'tasks', 'run', 'hw1', 'collect_metrics_pipeline', 'manual__2025-09-25T20:56:52.062973+00:00', '--job-id', '224', '--raw', '--subdir', 'DAGS_FOLDER/.ipynb_checkpoints/kudryakov_hw1-checkpoint.py', '--cfg-path', '/tmp/tmpnfg0hb9l']
[2025-09-25T20:57:15.818+0000] {standard_task_runner.py:91} INFO - Job 224: Subtask collect_metrics_pipeline
[2025-09-25T20:57:15.837+0000] {task_command.py:426} INFO - Running <TaskInstance: hw1.collect_metrics_pipeline manual__2025-09-25T20:56:52.062973+00:00 [running]> on host 2b301b74205f
[2025-09-25T20:57:15.868+0000] {taskinstance.py:2648} INFO - Exporting env vars: AIRFLOW_CTX_DAG_OWNER='VLADISLAV KUDRYAKOV' AIRFLOW_CTX_DAG_ID='hw1' AIRFLOW_CTX_TASK_ID='collect_metrics_pipeline' AIRFLOW_CTX_EXECUTION_DATE='2025-09-25T20:56:52.062973+00:00' AIRFLOW_CTX_TRY_NUMBER='1' AIRFLOW_CTX_DAG_RUN_ID='manual__2025-09-25T20:56:52.062973+00:00'
[2025-09-25T20:57:15.868+0000] {taskinstance.py:430} INFO - ::endgroup::
[2025-09-25T20:57:15.873+0000] {kudryakov_hw1-checkpoint.py:240} INFO - Начинаем сбор метрик пайплайна
[2025-09-25T20:57:15.895+0000] {base.py:84} INFO - Using connection ID 's3_connection' for task execution.
[2025-09-25T20:57:15.895+0000] {connection_wrapper.py:388} INFO - AWS Connection (conn_id='s3_connection', conn_type='aws') credentials retrieved from login and password.
[2025-09-25T20:57:16.659+0000] {kudryakov_hw1-checkpoint.py:279} INFO - Завершаем сбор метрик пайплайна
[2025-09-25T20:57:16.663+0000] {python.py:237} INFO - Done. Returned value was: None
[2025-09-25T20:57:16.663+0000] {taskinstance.py:441} INFO - ::group::Post task execution logs
[2025-09-25T20:57:16.678+0000] {taskinstance.py:1206} INFO - Marking task as SUCCESS. dag_id=hw1, task_id=collect_metrics_pipeline, run_id=manual__2025-09-25T20:56:52.062973+00:00, execution_date=20250925T205652, start_date=20250925T205715, end_date=20250925T205716
[2025-09-25T20:57:16.723+0000] {local_task_job_runner.py:243} INFO - Task exited with return code 0
[2025-09-25T20:57:16.736+0000] {taskinstance.py:3503} INFO - 0 downstream tasks scheduled from follow-on schedule check
[2025-09-25T20:57:16.737+0000] {local_task_job_runner.py:222} INFO - ::endgroup::
