[2025-09-28T00:06:37.501+0000] {local_task_job_runner.py:120} INFO - ::group::Pre task execution logs
[2025-09-28T00:06:37.507+0000] {taskinstance.py:2076} INFO - Dependencies all met for dep_context=non-requeueable deps ti=<TaskInstance: hw1.train_model scheduled__2025-09-27T00:00:00+00:00 [queued]>
[2025-09-28T00:06:37.510+0000] {taskinstance.py:2076} INFO - Dependencies all met for dep_context=requeueable deps ti=<TaskInstance: hw1.train_model scheduled__2025-09-27T00:00:00+00:00 [queued]>
[2025-09-28T00:06:37.510+0000] {taskinstance.py:2306} INFO - Starting attempt 1 of 2
[2025-09-28T00:06:37.514+0000] {taskinstance.py:2330} INFO - Executing <Task(PythonOperator): train_model> on 2025-09-27 00:00:00+00:00
[2025-09-28T00:06:37.517+0000] {standard_task_runner.py:64} INFO - Started process 89021 to run task
[2025-09-28T00:06:37.519+0000] {standard_task_runner.py:90} INFO - Running: ['***', 'tasks', 'run', 'hw1', 'train_model', 'scheduled__2025-09-27T00:00:00+00:00', '--job-id', '239', '--raw', '--subdir', 'DAGS_FOLDER/kudryakov_hw1.py', '--cfg-path', '/tmp/tmphfstnrui']
[2025-09-28T00:06:37.520+0000] {standard_task_runner.py:91} INFO - Job 239: Subtask train_model
[2025-09-28T00:06:37.537+0000] {task_command.py:426} INFO - Running <TaskInstance: hw1.train_model scheduled__2025-09-27T00:00:00+00:00 [running]> on host 2b301b74205f
[2025-09-28T00:06:37.572+0000] {taskinstance.py:2648} INFO - Exporting env vars: AIRFLOW_CTX_DAG_OWNER='VLADISLAV KUDRYAKOV' AIRFLOW_CTX_DAG_ID='hw1' AIRFLOW_CTX_TASK_ID='train_model' AIRFLOW_CTX_EXECUTION_DATE='2025-09-27T00:00:00+00:00' AIRFLOW_CTX_TRY_NUMBER='1' AIRFLOW_CTX_DAG_RUN_ID='scheduled__2025-09-27T00:00:00+00:00'
[2025-09-28T00:06:37.573+0000] {taskinstance.py:430} INFO - ::endgroup::
[2025-09-28T00:06:37.582+0000] {kudryakov_hw1.py:170} INFO - Начали обучение модели start-ts 2025-09-28T00:06:37.578296
[2025-09-28T00:06:37.585+0000] {base.py:84} INFO - Using connection ID 's3_connection' for task execution.
[2025-09-28T00:06:37.586+0000] {connection_wrapper.py:388} INFO - AWS Connection (conn_id='s3_connection', conn_type='aws') credentials retrieved from login and password.
[2025-09-28T00:06:44.949+0000] {kudryakov_hw1.py:187} INFO - Закончили обучение модели end-ts 2025-09-28T00:06:44.949092
[2025-09-28T00:06:45.909+0000] {kudryakov_hw1.py:202} INFO - Успешно загрузили модель
[2025-09-28T00:06:45.914+0000] {python.py:237} INFO - Done. Returned value was: None
[2025-09-28T00:06:45.915+0000] {taskinstance.py:441} INFO - ::group::Post task execution logs
[2025-09-28T00:06:45.923+0000] {taskinstance.py:1206} INFO - Marking task as SUCCESS. dag_id=hw1, task_id=train_model, run_id=scheduled__2025-09-27T00:00:00+00:00, execution_date=20250927T000000, start_date=20250928T000637, end_date=20250928T000645
[2025-09-28T00:06:45.949+0000] {local_task_job_runner.py:243} INFO - Task exited with return code 0
[2025-09-28T00:06:45.961+0000] {taskinstance.py:3503} INFO - 1 downstream tasks scheduled from follow-on schedule check
[2025-09-28T00:06:45.962+0000] {local_task_job_runner.py:222} INFO - ::endgroup::
